#
# There is insufficient memory for the Java Runtime Environment to continue.
# Native memory allocation (malloc) failed to allocate 363232 bytes for Chunk::new
# Possible reasons:
#   The system is out of physical RAM or swap space
#   The process is running with CompressedOops enabled, and the Java Heap may be blocking the growth of the native heap
# Possible solutions:
#   Reduce memory load on the system
#   Increase physical memory or swap space
#   Check if swap backing store is full
#   Decrease Java heap size (-Xmx/-Xms)
#   Decrease number of Java threads
#   Decrease Java thread stack sizes (-Xss)
#   Set larger code cache with -XX:ReservedCodeCacheSize=
#   JVM is running with Unscaled Compressed Oops mode in which the Java heap is
#     placed in the first 4GB address space. The Java Heap base address is the
#     maximum limit for the native heap growth. Please use -XX:HeapBaseMinAddress
#     to set the Java Heap base and to place the Java Heap above 4GB virtual address.
# This output file may be truncated or incomplete.
#
#  Out of Memory Error (allocation.cpp:389), pid=17652, tid=0x00000000000079ac
#
# JRE version: Java(TM) SE Runtime Environment (8.0_241-b07) (build 1.8.0_241-b07)
# Java VM: Java HotSpot(TM) 64-Bit Server VM (25.241-b07 mixed mode windows-amd64 compressed oops)
# Failed to write core dump. Minidumps are not enabled by default on client versions of Windows
#

---------------  T H R E A D  ---------------

Current thread (0x0000000013c6d800):  JavaThread "C2 CompilerThread1" daemon [_thread_in_native, id=31148, stack(0x0000000015400000,0x0000000015500000)]

Stack: [0x0000000015400000,0x0000000015500000]
[error occurred during error reporting (printing stack bounds), id 0xc0000005]

Native frames: (J=compiled Java code, j=interpreted, Vv=VM code, C=native code)


Current CompileTask:
C2:  26164 4471   !   4       java.lang.reflect.Executable::sharedToGenericString (329 bytes)


---------------  P R O C E S S  ---------------

Java Threads: ( => current thread )
  0x0000000016104000 JavaThread "Cache worker for Build Output Cleanup Cache (E:\Projects\iNetty mobile app\iNettyForTeams\android\.gradle\buildOutputCleanup)" [_thread_blocked, id=27012, stack(0x000000001ee30000,0x000000001ef30000)]
  0x0000000016107000 JavaThread "pool-1-thread-1" [_thread_blocked, id=19140, stack(0x000000001eb30000,0x000000001ec30000)]
  0x0000000016106800 JavaThread "Build operations Thread 4" [_thread_blocked, id=20772, stack(0x000000001e630000,0x000000001e730000)]
  0x0000000016105800 JavaThread "Build operations Thread 3" [_thread_blocked, id=5716, stack(0x000000001e530000,0x000000001e630000)]
  0x0000000016102800 JavaThread "Build operations Thread 2" [_thread_blocked, id=9244, stack(0x000000001dc20000,0x000000001dd20000)]
  0x0000000016103800 JavaThread "Build operations" [_thread_blocked, id=34456, stack(0x000000001d520000,0x000000001d620000)]
  0x0000000015931800 JavaThread "Cache worker for execution history cache (C:\Users\Amine\.gradle\caches\6.2\executionHistory)" [_thread_blocked, id=14548, stack(0x000000001d420000,0x000000001d520000)]
  0x0000000015930000 JavaThread "Cache worker for cache directory md-rule (C:\Users\Amine\.gradle\caches\6.2\md-rule)" [_thread_blocked, id=21920, stack(0x000000001c0f0000,0x000000001c1f0000)]
  0x000000001592c000 JavaThread "Cache worker for cache directory md-supplier (C:\Users\Amine\.gradle\caches\6.2\md-supplier)" [_thread_blocked, id=34240, stack(0x000000001bdf0000,0x000000001bef0000)]
  0x0000000015930800 JavaThread "Cache worker for file hash cache (E:\Projects\iNetty mobile app\iNettyForTeams\android\.gradle\6.2\fileHashes)" [_thread_blocked, id=34984, stack(0x000000001d720000,0x000000001d820000)]
  0x0000000015933000 JavaThread "Cache worker for checksums cache (E:\Projects\iNetty mobile app\iNettyForTeams\android\.gradle\checksums)" [_thread_blocked, id=15804, stack(0x000000001d620000,0x000000001d720000)]
  0x0000000015932000 JavaThread "Cache worker for file hash cache (C:\Users\Amine\.gradle\caches\6.2\fileHashes)" [_thread_blocked, id=34580, stack(0x0000000019a50000,0x0000000019b50000)]
  0x000000001592d800 JavaThread "File lock request listener" [_thread_in_native, id=34384, stack(0x0000000019950000,0x0000000019a50000)]
  0x000000001592d000 JavaThread "Cache worker for journal cache (C:\Users\Amine\.gradle\caches\journal-1)" [_thread_blocked, id=19220, stack(0x0000000019850000,0x0000000019950000)]
  0x000000001638b800 JavaThread "Thread-9" [_thread_blocked, id=26388, stack(0x0000000019550000,0x0000000019650000)]
  0x0000000016389000 JavaThread "Stdin handler" [_thread_blocked, id=27972, stack(0x0000000019450000,0x0000000019550000)]
  0x00000000163f0000 JavaThread "Asynchronous log dispatcher for DefaultDaemonConnection: socket connection from /127.0.0.1:12163 to /127.0.0.1:12164" [_thread_blocked, id=2024, stack(0x0000000019350000,0x0000000019450000)]
  0x000000001598b000 JavaThread "Daemon worker" [_thread_in_Java, id=16888, stack(0x0000000019250000,0x0000000019350000)]
  0x0000000015994000 JavaThread "Cancel handler" [_thread_blocked, id=32196, stack(0x0000000019150000,0x0000000019250000)]
  0x0000000016bdf800 JavaThread "Handler for socket connection from /127.0.0.1:12163 to /127.0.0.1:12164" [_thread_in_native, id=34236, stack(0x0000000018e50000,0x0000000018f50000)]
  0x0000000015602000 JavaThread "Daemon" [_thread_blocked, id=12680, stack(0x0000000018d50000,0x0000000018e50000)]
  0x0000000015601000 JavaThread "Daemon periodic checks" [_thread_blocked, id=27948, stack(0x0000000018c50000,0x0000000018d50000)]
  0x0000000015600800 JavaThread "Incoming local TCP Connector on port 12163" [_thread_in_native, id=24240, stack(0x0000000018b50000,0x0000000018c50000)]
  0x00000000178a6800 JavaThread "Daemon health stats" [_thread_blocked, id=14928, stack(0x0000000018510000,0x0000000018610000)]
  0x0000000015618800 JavaThread "Service Thread" daemon [_thread_blocked, id=24872, stack(0x0000000015a00000,0x0000000015b00000)]
  0x0000000013c70000 JavaThread "C1 CompilerThread2" daemon [_thread_blocked, id=33788, stack(0x0000000015500000,0x0000000015600000)]
=>0x0000000013c6d800 JavaThread "C2 CompilerThread1" daemon [_thread_in_native, id=31148, stack(0x0000000015400000,0x0000000015500000)]
  0x0000000013c6a800 JavaThread "C2 CompilerThread0" daemon [_thread_in_native, id=33008, stack(0x0000000015300000,0x0000000015400000)]
  0x0000000013c67000 JavaThread "Attach Listener" daemon [_thread_blocked, id=34848, stack(0x0000000015200000,0x0000000015300000)]
  0x0000000013c66000 JavaThread "Signal Dispatcher" daemon [_thread_blocked, id=30752, stack(0x0000000015100000,0x0000000015200000)]
  0x0000000013c4a000 JavaThread "Finalizer" daemon [_thread_blocked, id=10328, stack(0x0000000014ee0000,0x0000000014fe0000)]
  0x0000000002831800 JavaThread "Reference Handler" daemon [_thread_blocked, id=35340, stack(0x0000000014de0000,0x0000000014ee0000)]
  0x0000000002742800 JavaThread "main" [_thread_blocked, id=21068, stack(0x00000000025f0000,0x00000000026f0000)]

Other Threads:
  0x0000000013c27800 VMThread [stack: 0x0000000014ce0000,0x0000000014de0000] [id=20864]
  0x0000000013cbd800 WatcherThread [stack: 0x0000000015c70000,0x0000000015d70000] [id=15168]

VM state:not at safepoint (normal execution)

VM Mutex/Monitor currently owned by a thread: None

heap address: 0x00000000e0000000, size: 512 MB, Compressed Oops mode: 32-bit
Narrow klass base: 0x0000000000000000, Narrow klass shift: 3
Compressed class space size: 1073741824 Address: 0x0000000100000000

Heap:
 PSYoungGen      total 120320K, used 98022K [0x00000000f5580000, 0x00000000fda00000, 0x0000000100000000)
  eden space 110080K, 79% used [0x00000000f5580000,0x00000000fab40d60,0x00000000fc100000)
  from space 10240K, 99% used [0x00000000fd000000,0x00000000fd9f8c38,0x00000000fda00000)
  to   space 12288K, 0% used [0x00000000fc200000,0x00000000fc200000,0x00000000fce00000)
 ParOldGen       total 175104K, used 19654K [0x00000000e0000000, 0x00000000eab00000, 0x00000000f5580000)
  object space 175104K, 11% used [0x00000000e0000000,0x00000000e1331a78,0x00000000eab00000)
 Metaspace       used 48161K, capacity 50052K, committed 50176K, reserved 1091584K
  class space    used 6651K, capacity 7154K, committed 7168K, reserved 1048576K

Card table byte_map: [0x0000000011c00000,0x0000000011d10000] byte_map_base: 0x0000000011500000

Marking Bits: (ParMarkBitMap*) 0x00000000606ebe30
 Begin Bits: [0x00000000121c0000, 0x00000000129c0000)
 End Bits:   [0x00000000129c0000, 0x00000000131c0000)

Polling page: 0x0000000000d50000

CodeCache: size=245760Kb used=14654Kb max_used=14654Kb free=231105Kb
 bounds [0x0000000002840000, 0x00000000036a0000, 0x0000000011840000]
 total_blobs=4950 nmethods=4173 adapters=688
 compilation: enabled

Compilation events (10 events):
Event: 26.126 Thread 0x0000000013c70000 4504       1       org.gradle.internal.typeconversion.NotationConverterToNotationParserAdapter$ResultImpl::access$200 (5 bytes)
Event: 26.126 Thread 0x0000000013c70000 nmethod 4504 0x0000000003696e90 code [0x0000000003696fe0, 0x00000000036970d0]
Event: 26.154 Thread 0x0000000013c70000 4506       3       org.gradle.internal.reflect.MethodSet::add (50 bytes)
Event: 26.155 Thread 0x0000000013c70000 nmethod 4506 0x0000000003697150 code [0x0000000003697320, 0x0000000003697c18]
Event: 26.155 Thread 0x0000000013c70000 4507       3       java.util.HashMap::put (13 bytes)
Event: 26.156 Thread 0x0000000013c70000 nmethod 4507 0x0000000003698010 code [0x00000000036981a0, 0x0000000003698558]
Event: 26.156 Thread 0x0000000013c70000 4508       2       java.util.LinkedHashMap$Entry::<init> (10 bytes)
Event: 26.156 Thread 0x0000000013c70000 nmethod 4508 0x0000000003698690 code [0x00000000036987e0, 0x0000000003698970]
Event: 26.159 Thread 0x0000000013c70000 4509       3       java.util.HashMap::getNode (148 bytes)
Event: 26.160 Thread 0x0000000013c70000 nmethod 4509 0x0000000003698a10 code [0x0000000003698c00, 0x0000000003699868]

GC Heap History (10 events):
Event: 11.666 GC heap before
{Heap before GC invocations=6 (full 1):
 PSYoungGen      total 76288K, used 65536K [0x00000000f5580000, 0x00000000fea80000, 0x0000000100000000)
  eden space 65536K, 100% used [0x00000000f5580000,0x00000000f9580000,0x00000000f9580000)
  from space 10752K, 0% used [0x00000000fa000000,0x00000000fa000000,0x00000000faa80000)
  to   space 10752K, 0% used [0x00000000f9580000,0x00000000f9580000,0x00000000fa000000)
 ParOldGen       total 175104K, used 6948K [0x00000000e0000000, 0x00000000eab00000, 0x00000000f5580000)
  object space 175104K, 3% used [0x00000000e0000000,0x00000000e06c9250,0x00000000eab00000)
 Metaspace       used 29144K, capacity 29854K, committed 30080K, reserved 1075200K
  class space    used 3986K, capacity 4201K, committed 4224K, reserved 1048576K
Event: 11.727 GC heap after
Heap after GC invocations=6 (full 1):
 PSYoungGen      total 76288K, used 8293K [0x00000000f5580000, 0x00000000fdb80000, 0x0000000100000000)
  eden space 65536K, 0% used [0x00000000f5580000,0x00000000f5580000,0x00000000f9580000)
  from space 10752K, 77% used [0x00000000f9580000,0x00000000f9d996c0,0x00000000fa000000)
  to   space 11776K, 0% used [0x00000000fd000000,0x00000000fd000000,0x00000000fdb80000)
 ParOldGen       total 175104K, used 6956K [0x00000000e0000000, 0x00000000eab00000, 0x00000000f5580000)
  object space 175104K, 3% used [0x00000000e0000000,0x00000000e06cb250,0x00000000eab00000)
 Metaspace       used 29144K, capacity 29854K, committed 30080K, reserved 1075200K
  class space    used 3986K, capacity 4201K, committed 4224K, reserved 1048576K
}
Event: 21.552 GC heap before
{Heap before GC invocations=7 (full 1):
 PSYoungGen      total 76288K, used 73829K [0x00000000f5580000, 0x00000000fdb80000, 0x0000000100000000)
  eden space 65536K, 100% used [0x00000000f5580000,0x00000000f9580000,0x00000000f9580000)
  from space 10752K, 77% used [0x00000000f9580000,0x00000000f9d996c0,0x00000000fa000000)
  to   space 11776K, 0% used [0x00000000fd000000,0x00000000fd000000,0x00000000fdb80000)
 ParOldGen       total 175104K, used 6956K [0x00000000e0000000, 0x00000000eab00000, 0x00000000f5580000)
  object space 175104K, 3% used [0x00000000e0000000,0x00000000e06cb250,0x00000000eab00000)
 Metaspace       used 32151K, capacity 33028K, committed 33280K, reserved 1077248K
  class space    used 4499K, capacity 4755K, committed 4864K, reserved 1048576K
Event: 21.573 GC heap after
Heap after GC invocations=7 (full 1):
 PSYoungGen      total 120320K, used 10220K [0x00000000f5580000, 0x00000000fda00000, 0x0000000100000000)
  eden space 110080K, 0% used [0x00000000f5580000,0x00000000f5580000,0x00000000fc100000)
  from space 10240K, 99% used [0x00000000fd000000,0x00000000fd9fb358,0x00000000fda00000)
  to   space 12288K, 0% used [0x00000000fc200000,0x00000000fc200000,0x00000000fce00000)
 ParOldGen       total 175104K, used 6964K [0x00000000e0000000, 0x00000000eab00000, 0x00000000f5580000)
  object space 175104K, 3% used [0x00000000e0000000,0x00000000e06cd250,0x00000000eab00000)
 Metaspace       used 32151K, capacity 33028K, committed 33280K, reserved 1077248K
  class space    used 4499K, capacity 4755K, committed 4864K, reserved 1048576K
}
Event: 22.223 GC heap before
{Heap before GC invocations=8 (full 1):
 PSYoungGen      total 120320K, used 55266K [0x00000000f5580000, 0x00000000fda00000, 0x0000000100000000)
  eden space 110080K, 40% used [0x00000000f5580000,0x00000000f817d710,0x00000000fc100000)
  from space 10240K, 99% used [0x00000000fd000000,0x00000000fd9fb358,0x00000000fda00000)
  to   space 12288K, 0% used [0x00000000fc200000,0x00000000fc200000,0x00000000fce00000)
 ParOldGen       total 175104K, used 6964K [0x00000000e0000000, 0x00000000eab00000, 0x00000000f5580000)
  object space 175104K, 3% used [0x00000000e0000000,0x00000000e06cd250,0x00000000eab00000)
 Metaspace       used 34232K, capacity 35304K, committed 35496K, reserved 1079296K
  class space    used 4817K, capacity 5095K, committed 5120K, reserved 1048576K
Event: 22.239 GC heap after
Heap after GC invocations=8 (full 1):
 PSYoungGen      total 122368K, used 10608K [0x00000000f5580000, 0x00000000fda00000, 0x0000000100000000)
  eden space 110080K, 0% used [0x00000000f5580000,0x00000000f5580000,0x00000000fc100000)
  from space 12288K, 86% used [0x00000000fc200000,0x00000000fcc5c050,0x00000000fce00000)
  to   space 10240K, 0% used [0x00000000fd000000,0x00000000fd000000,0x00000000fda00000)
 ParOldGen       total 175104K, used 6972K [0x00000000e0000000, 0x00000000eab00000, 0x00000000f5580000)
  object space 175104K, 3% used [0x00000000e0000000,0x00000000e06cf250,0x00000000eab00000)
 Metaspace       used 34232K, capacity 35304K, committed 35496K, reserved 1079296K
  class space    used 4817K, capacity 5095K, committed 5120K, reserved 1048576K
}
Event: 22.239 GC heap before
{Heap before GC invocations=9 (full 2):
 PSYoungGen      total 122368K, used 10608K [0x00000000f5580000, 0x00000000fda00000, 0x0000000100000000)
  eden space 110080K, 0% used [0x00000000f5580000,0x00000000f5580000,0x00000000fc100000)
  from space 12288K, 86% used [0x00000000fc200000,0x00000000fcc5c050,0x00000000fce00000)
  to   space 10240K, 0% used [0x00000000fd000000,0x00000000fd000000,0x00000000fda00000)
 ParOldGen       total 175104K, used 6972K [0x00000000e0000000, 0x00000000eab00000, 0x00000000f5580000)
  object space 175104K, 3% used [0x00000000e0000000,0x00000000e06cf250,0x00000000eab00000)
 Metaspace       used 34232K, capacity 35304K, committed 35496K, reserved 1079296K
  class space    used 4817K, capacity 5095K, committed 5120K, reserved 1048576K
Event: 22.318 GC heap after
Heap after GC invocations=9 (full 2):
 PSYoungGen      total 122368K, used 0K [0x00000000f5580000, 0x00000000fda00000, 0x0000000100000000)
  eden space 110080K, 0% used [0x00000000f5580000,0x00000000f5580000,0x00000000fc100000)
  from space 12288K, 0% used [0x00000000fc200000,0x00000000fc200000,0x00000000fce00000)
  to   space 10240K, 0% used [0x00000000fd000000,0x00000000fd000000,0x00000000fda00000)
 ParOldGen       total 175104K, used 16874K [0x00000000e0000000, 0x00000000eab00000, 0x00000000f5580000)
  object space 175104K, 9% used [0x00000000e0000000,0x00000000e107a918,0x00000000eab00000)
 Metaspace       used 34232K, capacity 35304K, committed 35496K, reserved 1079296K
  class space    used 4817K, capacity 5095K, committed 5120K, reserved 1048576K
}
Event: 24.701 GC heap before
{Heap before GC invocations=10 (full 2):
 PSYoungGen      total 122368K, used 110080K [0x00000000f5580000, 0x00000000fda00000, 0x0000000100000000)
  eden space 110080K, 100% used [0x00000000f5580000,0x00000000fc100000,0x00000000fc100000)
  from space 12288K, 0% used [0x00000000fc200000,0x00000000fc200000,0x00000000fce00000)
  to   space 10240K, 0% used [0x00000000fd000000,0x00000000fd000000,0x00000000fda00000)
 ParOldGen       total 175104K, used 16874K [0x00000000e0000000, 0x00000000eab00000, 0x00000000f5580000)
  object space 175104K, 9% used [0x00000000e0000000,0x00000000e107a918,0x00000000eab00000)
 Metaspace       used 44144K, capacity 45850K, committed 46080K, reserved 1089536K
  class space    used 6111K, capacity 6532K, committed 6656K, reserved 1048576K
Event: 24.719 GC heap after
Heap after GC invocations=10 (full 2):
 PSYoungGen      total 120320K, used 10211K [0x00000000f5580000, 0x00000000fda00000, 0x0000000100000000)
  eden space 110080K, 0% used [0x00000000f5580000,0x00000000f5580000,0x00000000fc100000)
  from space 10240K, 99% used [0x00000000fd000000,0x00000000fd9f8c38,0x00000000fda00000)
  to   space 12288K, 0% used [0x00000000fc200000,0x00000000fc200000,0x00000000fce00000)
 ParOldGen       total 175104K, used 19654K [0x00000000e0000000, 0x00000000eab00000, 0x00000000f5580000)
  object space 175104K, 11% used [0x00000000e0000000,0x00000000e1331a78,0x00000000eab00000)
 Metaspace       used 44144K, capacity 45850K, committed 46080K, reserved 1089536K
  class space    used 6111K, capacity 6532K, committed 6656K, reserved 1048576K
}

Deoptimization events (10 events):
Event: 25.775 Thread 0x000000001598b000 Uncommon trap: reason=unstable_if action=reinterpret pc=0x0000000002a152a4 method=java.lang.String.replace(CC)Ljava/lang/String; @ 2
Event: 25.780 Thread 0x000000001598b000 Uncommon trap: reason=unstable_if action=reinterpret pc=0x00000000035ffa00 method=groovy.lang.MetaClassImpl.checkIfStdMethod(Lgroovy/lang/MetaMethod;)V @ 55
Event: 25.780 Thread 0x000000001598b000 Uncommon trap: reason=unstable_if action=reinterpret pc=0x00000000036073b8 method=groovy.lang.MetaClassImpl.checkIfStdMethod(Lgroovy/lang/MetaMethod;)V @ 55
Event: 25.781 Thread 0x000000001598b000 Uncommon trap: reason=unstable_if action=reinterpret pc=0x0000000002dd485c method=org.codehaus.groovy.runtime.metaclass.MetaMethodIndex.copyNonPrivateNonNewMetaMethods(Lorg/codehaus/groovy/runtime/metaclass/MetaMethodIndex$Entry;Lorg/codehaus/groovy/runti
Event: 25.781 Thread 0x000000001598b000 Uncommon trap: reason=unstable_if action=reinterpret pc=0x00000000032ab7ac method=groovy.lang.MetaClassImpl$1MOPIter.methodNameAction(Ljava/lang/Class;Lorg/codehaus/groovy/runtime/metaclass/MetaMethodIndex$Entry;)V @ 182
Event: 26.085 Thread 0x000000001598b000 Uncommon trap: reason=unstable_if action=reinterpret pc=0x0000000002aa8c70 method=org.codehaus.groovy.runtime.metaclass.MetaMethodIndex.addMethodToList(Ljava/lang/Object;Lgroovy/lang/MetaMethod;)Ljava/lang/Object; @ 256
Event: 26.154 Thread 0x000000001598b000 Uncommon trap: reason=unstable_if action=reinterpret pc=0x000000000357aafc method=java.util.HashMap.getNode(ILjava/lang/Object;)Ljava/util/HashMap$Node; @ 84
Event: 26.154 Thread 0x000000001598b000 Uncommon trap: reason=unstable_if action=reinterpret pc=0x00000000031aa9c0 method=java.util.HashMap.putVal(ILjava/lang/Object;Ljava/lang/Object;ZZ)Ljava/lang/Object; @ 109
Event: 26.154 Thread 0x000000001598b000 Uncommon trap: reason=unstable_if action=reinterpret pc=0x00000000034eb0ac method=java.util.HashMap.getNode(ILjava/lang/Object;)Ljava/util/HashMap$Node; @ 84
Event: 26.154 Thread 0x000000001598b000 Uncommon trap: reason=unstable_if action=reinterpret pc=0x0000000002b762bc method=java.util.HashMap.resize()[Ljava/util/HashMap$Node; @ 206

Classes redefined (0 events):
No events

Internal exceptions (10 events):
Event: 26.091 Thread 0x000000001598b000 Exception <a 'java/lang/ClassNotFoundException': org/gradle/api/internal/artifacts/dependencies/DefaultExternalModuleDependency_DecoratedBeanInfo> (0x00000000fa5bc708) thrown at [C:\ade\jenkins\workspace\8-2-build-windows-amd64-cygwin\jdk8u241\331\hotspot
Event: 26.093 Thread 0x000000001598b000 Exception <a 'java/lang/ClassNotFoundException': org/gradle/api/internal/artifacts/dependencies/DefaultExternalModuleDependencyBeanInfo> (0x00000000fa627e90) thrown at [C:\ade\jenkins\workspace\8-2-build-windows-amd64-cygwin\jdk8u241\331\hotspot\src\share
Event: 26.095 Thread 0x000000001598b000 Exception <a 'java/lang/ClassNotFoundException': org/gradle/api/internal/artifacts/dependencies/AbstractExternalModuleDependencyBeanInfo> (0x00000000fa694a68) thrown at [C:\ade\jenkins\workspace\8-2-build-windows-amd64-cygwin\jdk8u241\331\hotspot\src\shar
Event: 26.097 Thread 0x000000001598b000 Exception <a 'java/lang/ClassNotFoundException': org/gradle/api/internal/artifacts/dependencies/AbstractModuleDependencyBeanInfo> (0x00000000fa6e0f50) thrown at [C:\ade\jenkins\workspace\8-2-build-windows-amd64-cygwin\jdk8u241\331\hotspot\src\share\vm\cla
Event: 26.099 Thread 0x000000001598b000 Exception <a 'java/lang/ClassNotFoundException': org/gradle/api/internal/artifacts/dependencies/AbstractDependencyBeanInfo> (0x00000000fa728d80) thrown at [C:\ade\jenkins\workspace\8-2-build-windows-amd64-cygwin\jdk8u241\331\hotspot\src\share\vm\classfile
Event: 26.101 Thread 0x000000001598b000 Exception <a 'java/lang/ClassNotFoundException': org/gradle/api/internal/artifacts/dependencies/AbstractDependencyCustomizer> (0x00000000fa7734b0) thrown at [C:\ade\jenkins\workspace\8-2-build-windows-amd64-cygwin\jdk8u241\331\hotspot\src\share\vm\classfi
Event: 26.103 Thread 0x000000001598b000 Exception <a 'java/lang/ClassNotFoundException': org/gradle/api/internal/artifacts/dependencies/AbstractModuleDependencyCustomizer> (0x00000000fa7c40d0) thrown at [C:\ade\jenkins\workspace\8-2-build-windows-amd64-cygwin\jdk8u241\331\hotspot\src\share\vm\c
Event: 26.106 Thread 0x000000001598b000 Exception <a 'java/lang/ClassNotFoundException': org/gradle/api/internal/artifacts/dependencies/AbstractExternalModuleDependencyCustomizer> (0x00000000fa8594c8) thrown at [C:\ade\jenkins\workspace\8-2-build-windows-amd64-cygwin\jdk8u241\331\hotspot\src\sh
Event: 26.108 Thread 0x000000001598b000 Exception <a 'java/lang/ClassNotFoundException': org/gradle/api/internal/artifacts/dependencies/DefaultExternalModuleDependencyCustomizer> (0x00000000fa8dca88) thrown at [C:\ade\jenkins\workspace\8-2-build-windows-amd64-cygwin\jdk8u241\331\hotspot\src\sha
Event: 26.111 Thread 0x000000001598b000 Exception <a 'java/lang/ClassNotFoundException': org/gradle/api/internal/artifacts/dependencies/DefaultExternalModuleDependency_DecoratedCustomizer> (0x00000000fa961588) thrown at [C:\ade\jenkins\workspace\8-2-build-windows-amd64-cygwin\jdk8u241\331\hotsp

Events (10 events):
Event: 26.155 loading class org/gradle/api/internal/tasks/TaskMutator
Event: 26.155 loading class org/gradle/api/internal/tasks/TaskMutator done
Event: 26.156 loading class org/gradle/api/specs/AndSpec
Event: 26.156 loading class org/gradle/api/specs/AndSpec done
Event: 26.157 loading class org/gradle/api/specs/CompositeSpec
Event: 26.157 loading class org/gradle/api/specs/CompositeSpec done
Event: 26.158 loading class org/gradle/api/internal/tasks/TaskStateInternal
Event: 26.158 loading class org/gradle/api/internal/tasks/TaskStateInternal done
Event: 26.162 loading class org/gradle/api/services/BuildService
Event: 26.162 loading class org/gradle/api/services/BuildService done


Dynamic libraries:
0x00007ff680540000 - 0x00007ff680577000 	C:\Program Files\Java\jdk1.8.0_241\bin\java.exe
0x00007ffce9040000 - 0x00007ffce9230000 	C:\Windows\SYSTEM32\ntdll.dll
0x00007ffce84e0000 - 0x00007ffce8592000 	C:\Windows\System32\KERNEL32.DLL
0x00007ffce6330000 - 0x00007ffce65d5000 	C:\Windows\System32\KERNELBASE.dll
0x00007ffce83d0000 - 0x00007ffce8473000 	C:\Windows\System32\ADVAPI32.dll
0x00007ffce7860000 - 0x00007ffce78fe000 	C:\Windows\System32\msvcrt.dll
0x00007ffce86d0000 - 0x00007ffce8767000 	C:\Windows\System32\sechost.dll
0x00007ffce8910000 - 0x00007ffce8a2f000 	C:\Windows\System32\RPCRT4.dll
0x00007ffce7380000 - 0x00007ffce7514000 	C:\Windows\System32\USER32.dll
0x00007ffce66e0000 - 0x00007ffce6701000 	C:\Windows\System32\win32u.dll
0x00007ffce8770000 - 0x00007ffce8796000 	C:\Windows\System32\GDI32.dll
0x00007ffce60e0000 - 0x00007ffce6278000 	C:\Windows\System32\gdi32full.dll
0x00007ffce68b0000 - 0x00007ffce694e000 	C:\Windows\System32\msvcp_win.dll
0x00007ffce65e0000 - 0x00007ffce66da000 	C:\Windows\System32\ucrtbase.dll
0x00007ffcd0a10000 - 0x00007ffcd0c94000 	C:\Windows\WinSxS\amd64_microsoft.windows.common-controls_6595b64144ccf1df_6.0.18362.1316_none_9e7a364fe461dbd7\COMCTL32.dll
0x00007ffce7520000 - 0x00007ffce7857000 	C:\Windows\System32\combase.dll
0x00007ffce6050000 - 0x00007ffce60d1000 	C:\Windows\System32\bcryptPrimitives.dll
0x00007ffce87a0000 - 0x00007ffce87ce000 	C:\Windows\System32\IMM32.DLL
0x0000000060770000 - 0x0000000060842000 	C:\Program Files\Java\jdk1.8.0_241\jre\bin\msvcr100.dll
0x000000005fec0000 - 0x000000006076c000 	C:\Program Files\Java\jdk1.8.0_241\jre\bin\server\jvm.dll
0x00007ffce70f0000 - 0x00007ffce70f8000 	C:\Windows\System32\PSAPI.DLL
0x00007ffce2660000 - 0x00007ffce2669000 	C:\Windows\SYSTEM32\WSOCK32.dll
0x00007ffce8f10000 - 0x00007ffce8f7f000 	C:\Windows\System32\WS2_32.dll
0x00007ffce36d0000 - 0x00007ffce36f4000 	C:\Windows\SYSTEM32\WINMM.dll
0x00007ffcd6750000 - 0x00007ffcd675a000 	C:\Windows\SYSTEM32\VERSION.dll
0x00007ffce36a0000 - 0x00007ffce36cd000 	C:\Windows\SYSTEM32\winmmbase.dll
0x00007ffce6860000 - 0x00007ffce68aa000 	C:\Windows\System32\cfgmgr32.dll
0x00007ffcd5c20000 - 0x00007ffcd5c2f000 	C:\Program Files\Java\jdk1.8.0_241\jre\bin\verify.dll
0x00007ffccae20000 - 0x00007ffccae49000 	C:\Program Files\Java\jdk1.8.0_241\jre\bin\java.dll
0x00007ffccf260000 - 0x00007ffccf276000 	C:\Program Files\Java\jdk1.8.0_241\jre\bin\zip.dll
0x00007ffce7900000 - 0x00007ffce7fe8000 	C:\Windows\System32\SHELL32.dll
0x00007ffce72d0000 - 0x00007ffce7377000 	C:\Windows\System32\shcore.dll
0x00007ffce6970000 - 0x00007ffce70eb000 	C:\Windows\System32\windows.storage.dll
0x00007ffce5f90000 - 0x00007ffce5fb3000 	C:\Windows\System32\profapi.dll
0x00007ffce5f00000 - 0x00007ffce5f4a000 	C:\Windows\System32\powrprof.dll
0x00007ffce5ef0000 - 0x00007ffce5f00000 	C:\Windows\System32\UMPDC.dll
0x00007ffce8480000 - 0x00007ffce84d2000 	C:\Windows\System32\shlwapi.dll
0x00007ffce5f70000 - 0x00007ffce5f81000 	C:\Windows\System32\kernel.appcore.dll
0x00007ffce6950000 - 0x00007ffce6967000 	C:\Windows\System32\cryptsp.dll
0x00007ffccae00000 - 0x00007ffccae1a000 	C:\Program Files\Java\jdk1.8.0_241\jre\bin\net.dll
0x00007ffce56e0000 - 0x00007ffce5747000 	C:\Windows\system32\mswsock.dll
0x00007ffcca620000 - 0x00007ffcca632000 	C:\Program Files\Java\jdk1.8.0_241\jre\bin\nio.dll
0x00007ffccf280000 - 0x00007ffccf2aa000 	C:\Users\Amine\.gradle\native\36\windows-amd64\native-platform.dll
0x00007ffcd1f60000 - 0x00007ffcd1f6d000 	C:\Program Files\Java\jdk1.8.0_241\jre\bin\management.dll
0x00007ffce5210000 - 0x00007ffce5243000 	C:\Windows\system32\rsaenh.dll
0x00007ffce5fc0000 - 0x00007ffce5fe6000 	C:\Windows\System32\bcrypt.dll
0x00007ffce5e10000 - 0x00007ffce5e35000 	C:\Windows\SYSTEM32\USERENV.dll
0x00007ffce5860000 - 0x00007ffce586c000 	C:\Windows\SYSTEM32\CRYPTBASE.dll
0x00007ffce53a0000 - 0x00007ffce53da000 	C:\Windows\SYSTEM32\IPHLPAPI.DLL
0x00007ffce71d0000 - 0x00007ffce71d8000 	C:\Windows\System32\NSI.dll
0x00007ffcd89d0000 - 0x00007ffcd89e6000 	C:\Windows\SYSTEM32\dhcpcsvc6.DLL
0x00007ffcd89b0000 - 0x00007ffcd89cc000 	C:\Windows\SYSTEM32\dhcpcsvc.DLL
0x00007ffce5440000 - 0x00007ffce550b000 	C:\Windows\SYSTEM32\DNSAPI.dll

VM Arguments:
jvm_args: -XX:MaxMetaspaceSize=256m -XX:+HeapDumpOnOutOfMemoryError -Xms256m -Xmx512m -Dfile.encoding=windows-1252 -Duser.country=FR -Duser.language=fr -Duser.variant 
java_command: org.gradle.launcher.daemon.bootstrap.GradleDaemon 6.2
java_class_path (initial): C:\Users\Amine\.gradle\wrapper\dists\gradle-6.2-all\dvufqs6kielxeao781pmk5huj\gradle-6.2\lib\gradle-launcher-6.2.jar
Launcher Type: SUN_STANDARD

Environment Variables:
CLASSPATH=E:\Projects\iNetty mobile app\iNettyForTeams\android\\gradle\wrapper\gradle-wrapper.jar
PATH=E:\Projects\iNetty mobile app\iNettyForTeams\android\node_modules\.bin;E:\Projects\iNetty mobile app\iNettyForTeams\node_modules\.bin;E:\Projects\iNetty mobile app\node_modules\.bin;E:\Projects\node_modules\.bin;E:\node_modules\.bin;C:\Program Files\nodejs;C:\Program Files (x86)\Common Files\Oracle\Java\javapath;C:\Python27\;C:\Python27\Scripts;C:\Windows\system32;C:\Windows;C:\Windows\System32\Wbem;C:\Windows\System32\WindowsPowerShell\v1.0\;C:\Windows\System32\OpenSSH\;C:\Program Files\nodejs\;C:\ProgramData\chocolatey\bin;C:\Users\Amine\AppData\Local\Android\Sdk\platform-tools;C:\Program Files\PuTTY\;C:\Program Files\dotnet\;C:\Program Files\Git\cmd;C:\xampp\php;C:\composer;C:\Program Files\Docker\Docker\resources\bin;C:\ProgramData\DockerDesktop\version-bin;C:\Users\Amine\AppData\Local\Microsoft\WindowsApps;C:\Users\Amine\AppData\Local\Programs\Microsoft VS Code\bin;C:\Users\Amine\AppData\Local\GitHubDesktop\bin;C:\Program Files (x86)\Nmap;C:\Users\Amine\AppData\Roaming\npm;C:\Users\Amine\AppData\Local\Android\Sdk\platform-tools;C:\Users\Amine\AppData\Roaming\Composer\vendor\bin;C:\Users\Amine\AppData\Roaming\Composer;
USERNAME=Amine
OS=Windows_NT
PROCESSOR_IDENTIFIER=Intel64 Family 6 Model 61 Stepping 4, GenuineIntel



---------------  S Y S T E M  ---------------

OS: Windows 10.0 , 64 bit Build 18362 (10.0.18362.1316)

CPU:total 4 (initial active 4) (2 cores per cpu, 2 threads per core) family 6 model 61 stepping 4, cmov, cx8, fxsr, mmx, sse, sse2, sse3, ssse3, sse4.1, sse4.2, popcnt, avx, avx2, aes, clmul, erms, rtm, 3dnowpref, lzcnt, ht, tsc, tscinvbit, bmi1, bmi2, adx

Memory: 4k page, physical 8077292k(1091628k free), swap 33243116k(4300k free)

vm_info: Java HotSpot(TM) 64-Bit Server VM (25.241-b07) for windows-amd64 JRE (1.8.0_241-b07), built on Dec 11 2019 10:21:40 by "rejava" with MS VC++ 10.0 (VS2010)

time: Wed Apr 07 10:37:24 2021
timezone: Paris, Madrid (heure d’été)
elapsed time: 26 seconds (0d 0h 0m 26s)

