#
# There is insufficient memory for the Java Runtime Environment to continue.
# Native memory allocation (malloc) failed to allocate 32744 bytes for ChunkPool::allocate
# Possible reasons:
#   The system is out of physical RAM or swap space
#   The process is running with CompressedOops enabled, and the Java Heap may be blocking the growth of the native heap
# Possible solutions:
#   Reduce memory load on the system
#   Increase physical memory or swap space
#   Check if swap backing store is full
#   Decrease Java heap size (-Xmx/-Xms)
#   Decrease number of Java threads
#   Decrease Java thread stack sizes (-Xss)
#   Set larger code cache with -XX:ReservedCodeCacheSize=
#   JVM is running with Unscaled Compressed Oops mode in which the Java heap is
#     placed in the first 4GB address space. The Java Heap base address is the
#     maximum limit for the native heap growth. Please use -XX:HeapBaseMinAddress
#     to set the Java Heap base and to place the Java Heap above 4GB virtual address.
# This output file may be truncated or incomplete.
#
#  Out of Memory Error (allocation.cpp:272), pid=24052, tid=0x0000000000006968
#
# JRE version: Java(TM) SE Runtime Environment (8.0_241-b07) (build 1.8.0_241-b07)
# Java VM: Java HotSpot(TM) 64-Bit Server VM (25.241-b07 mixed mode windows-amd64 compressed oops)
# Failed to write core dump. Minidumps are not enabled by default on client versions of Windows
#

---------------  T H R E A D  ---------------

Current thread (0x0000000013a5b000):  JavaThread "C1 CompilerThread2" daemon [_thread_in_native, id=26984, stack(0x00000000152d0000,0x00000000153d0000)]

Stack: [0x00000000152d0000,0x00000000153d0000]
[error occurred during error reporting (printing stack bounds), id 0xc0000005]

Native frames: (J=compiled Java code, j=interpreted, Vv=VM code, C=native code)


Current CompileTask:
C1:  29855 11715       3       org.objectweb.asm.ClassReader::readCode (5089 bytes)


---------------  P R O C E S S  ---------------

Java Threads: ( => current thread )
  0x0000000017916000 JavaThread "WorkerExecutor Queue Thread 4" [_thread_blocked, id=14424, stack(0x0000000023390000,0x0000000023490000)]
  0x000000001ad5d000 JavaThread "WorkerExecutor Queue Thread 3" [_thread_in_native, id=31312, stack(0x0000000023290000,0x0000000023390000)]
  0x000000001ad5c000 JavaThread "WorkerExecutor Queue Thread 2" [_thread_blocked, id=22576, stack(0x0000000023190000,0x0000000023290000)]
  0x000000001ad5a800 JavaThread "WorkerExecutor Queue" [_thread_blocked, id=22652, stack(0x0000000023090000,0x0000000023190000)]
  0x000000001ad59000 JavaThread "Cache worker for execution history cache (E:\Projects\iNetty mobile app\iNettyForTeams\android\.gradle\6.2\executionHistory)" [_thread_blocked, id=18776, stack(0x0000000020a50000,0x0000000020b50000)]
  0x000000001ad52000 JavaThread "Execution worker for ':' Thread 3" [_thread_in_Java, id=26376, stack(0x0000000022b90000,0x0000000022c90000)]
  0x000000001ad51800 JavaThread "Execution worker for ':' Thread 2" [_thread_blocked, id=28684, stack(0x0000000022a90000,0x0000000022b90000)]
  0x000000001ad53800 JavaThread "Execution worker for ':'" [_thread_blocked, id=17712, stack(0x0000000021830000,0x0000000021930000)]
  0x000000001ad58800 JavaThread "Cache worker for file content cache (E:\Projects\iNetty mobile app\iNettyForTeams\android\.gradle\6.2\fileContent)" [_thread_blocked, id=2024, stack(0x00000000219c0000,0x0000000021ac0000)]
  0x000000001ad53000 JavaThread "Cache worker for file content cache (C:\Users\Amine\.gradle\caches\6.2\fileContent)" [_thread_blocked, id=32384, stack(0x0000000020cb0000,0x0000000020db0000)]
  0x000000001ad57800 JavaThread "Memory manager" [_thread_blocked, id=35364, stack(0x0000000020bb0000,0x0000000020cb0000)]
  0x000000001ad50000 JavaThread "Cache worker for Build Output Cleanup Cache (E:\Projects\iNetty mobile app\iNettyForTeams\android\.gradle\buildOutputCleanup)" [_thread_blocked, id=34840, stack(0x000000001ff50000,0x0000000020050000)]
  0x000000001ad56000 JavaThread "pool-1-thread-1" [_thread_blocked, id=33760, stack(0x000000001fc50000,0x000000001fd50000)]
  0x000000001ad4f000 JavaThread "Build operations Thread 4" [_thread_blocked, id=14196, stack(0x000000001f750000,0x000000001f850000)]
  0x000000001ad55000 JavaThread "Build operations Thread 3" [_thread_blocked, id=28004, stack(0x000000001e370000,0x000000001e470000)]
  0x000000001ad4e800 JavaThread "Build operations Thread 2" [_thread_blocked, id=14036, stack(0x000000001e270000,0x000000001e370000)]
  0x000000001ad54800 JavaThread "Build operations" [_thread_blocked, id=30540, stack(0x000000001e170000,0x000000001e270000)]
  0x000000001791c800 JavaThread "Cache worker for execution history cache (C:\Users\Amine\.gradle\caches\6.2\executionHistory)" [_thread_blocked, id=14452, stack(0x000000001c2d0000,0x000000001c3d0000)]
  0x0000000017917800 JavaThread "Cache worker for cache directory md-rule (C:\Users\Amine\.gradle\caches\6.2\md-rule)" [_thread_blocked, id=8536, stack(0x000000001bcc0000,0x000000001bdc0000)]
  0x000000001791a800 JavaThread "Cache worker for cache directory md-supplier (C:\Users\Amine\.gradle\caches\6.2\md-supplier)" [_thread_blocked, id=3296, stack(0x000000001bbc0000,0x000000001bcc0000)]
  0x0000000017919000 JavaThread "Cache worker for file hash cache (E:\Projects\iNetty mobile app\iNettyForTeams\android\.gradle\6.2\fileHashes)" [_thread_blocked, id=11524, stack(0x000000001c1d0000,0x000000001c2d0000)]
  0x000000001791c000 JavaThread "Cache worker for checksums cache (E:\Projects\iNetty mobile app\iNettyForTeams\android\.gradle\checksums)" [_thread_blocked, id=34344, stack(0x000000001be50000,0x000000001bf50000)]
  0x0000000017919800 JavaThread "Cache worker for file hash cache (C:\Users\Amine\.gradle\caches\6.2\fileHashes)" [_thread_blocked, id=23400, stack(0x0000000019820000,0x0000000019920000)]
  0x000000001791b000 JavaThread "File lock request listener" [_thread_in_native, id=12460, stack(0x0000000019720000,0x0000000019820000)]
  0x0000000017918000 JavaThread "Cache worker for journal cache (C:\Users\Amine\.gradle\caches\journal-1)" [_thread_blocked, id=33284, stack(0x0000000019620000,0x0000000019720000)]
  0x0000000017877800 JavaThread "Thread-9" [_thread_blocked, id=34196, stack(0x0000000019320000,0x0000000019420000)]
  0x0000000017874000 JavaThread "Stdin handler" [_thread_blocked, id=18692, stack(0x0000000019220000,0x0000000019320000)]
  0x0000000017871000 JavaThread "Asynchronous log dispatcher for DefaultDaemonConnection: socket connection from /127.0.0.1:12404 to /127.0.0.1:12405" [_thread_blocked, id=35080, stack(0x0000000019120000,0x0000000019220000)]
  0x000000001785c800 JavaThread "Daemon worker" [_thread_blocked, id=34552, stack(0x0000000019020000,0x0000000019120000)]
  0x000000001785b800 JavaThread "Cancel handler" [_thread_blocked, id=34544, stack(0x0000000018f20000,0x0000000019020000)]
  0x0000000017858000 JavaThread "Handler for socket connection from /127.0.0.1:12404 to /127.0.0.1:12405" [_thread_in_native, id=34896, stack(0x0000000018c20000,0x0000000018d20000)]
  0x0000000017857800 JavaThread "Daemon" [_thread_blocked, id=34608, stack(0x0000000018b20000,0x0000000018c20000)]
  0x00000000177a9000 JavaThread "Daemon periodic checks" [_thread_blocked, id=17756, stack(0x0000000018a20000,0x0000000018b20000)]
  0x00000000177a7000 JavaThread "Incoming local TCP Connector on port 12404" [_thread_in_native, id=22164, stack(0x0000000018920000,0x0000000018a20000)]
  0x0000000017793800 JavaThread "Daemon health stats" [_thread_blocked, id=34872, stack(0x00000000182e0000,0x00000000183e0000)]
  0x0000000013a9e800 JavaThread "Service Thread" daemon [_thread_blocked, id=35120, stack(0x00000000157d0000,0x00000000158d0000)]
=>0x0000000013a5b000 JavaThread "C1 CompilerThread2" daemon [_thread_in_native, id=26984, stack(0x00000000152d0000,0x00000000153d0000)]
  0x0000000013a4c800 JavaThread "C2 CompilerThread1" daemon [_thread_in_native, id=16672, stack(0x00000000151d0000,0x00000000152d0000)]
  0x0000000013a49800 JavaThread "C2 CompilerThread0" daemon [_thread_in_native, id=25348, stack(0x00000000150d0000,0x00000000151d0000)]
  0x0000000013a46800 JavaThread "Attach Listener" daemon [_thread_blocked, id=21664, stack(0x0000000014fd0000,0x00000000150d0000)]
  0x0000000013a45800 JavaThread "Signal Dispatcher" daemon [_thread_blocked, id=30196, stack(0x0000000014ed0000,0x0000000014fd0000)]
  0x000000000261c000 JavaThread "Finalizer" daemon [_thread_blocked, id=29824, stack(0x0000000014cb0000,0x0000000014db0000)]
  0x0000000002613800 JavaThread "Reference Handler" daemon [_thread_blocked, id=21968, stack(0x0000000014bb0000,0x0000000014cb0000)]
  0x0000000002522800 JavaThread "main" [_thread_blocked, id=28084, stack(0x00000000023e0000,0x00000000024e0000)]

Other Threads:
  0x0000000013a07000 VMThread [stack: 0x0000000014ab0000,0x0000000014bb0000] [id=24872]
  0x0000000015435800 WatcherThread [stack: 0x0000000015a40000,0x0000000015b40000] [id=27156]

VM state:not at safepoint (normal execution)

VM Mutex/Monitor currently owned by a thread: None

heap address: 0x00000000e0000000, size: 512 MB, Compressed Oops mode: 32-bit
Narrow klass base: 0x0000000000000000, Narrow klass shift: 3
Compressed class space size: 1073741824 Address: 0x0000000100000000

Heap:
 PSYoungGen      total 138240K, used 22156K [0x00000000f5580000, 0x00000000ffc80000, 0x0000000100000000)
  eden space 109568K, 7% used [0x00000000f5580000,0x00000000f5d3f8a8,0x00000000fc080000)
  from space 28672K, 49% used [0x00000000fe080000,0x00000000fee63928,0x00000000ffc80000)
  to   space 30720K, 0% used [0x00000000fc080000,0x00000000fc080000,0x00000000fde80000)
 ParOldGen       total 198144K, used 75872K [0x00000000e0000000, 0x00000000ec180000, 0x00000000f5580000)
  object space 198144K, 38% used [0x00000000e0000000,0x00000000e4a182f0,0x00000000ec180000)
 Metaspace       used 69444K, capacity 74466K, committed 74624K, reserved 1114112K
  class space    used 9669K, capacity 10812K, committed 10880K, reserved 1048576K

Card table byte_map: [0x00000000119e0000,0x0000000011af0000] byte_map_base: 0x00000000112e0000

Marking Bits: (ParMarkBitMap*) 0x00000000602fbe30
 Begin Bits: [0x0000000011fa0000, 0x00000000127a0000)
 End Bits:   [0x00000000127a0000, 0x0000000012fa0000)

Polling page: 0x0000000000620000

CodeCache: size=245760Kb used=31035Kb max_used=31035Kb free=214724Kb
 bounds [0x0000000002620000, 0x0000000004490000, 0x0000000011620000]
 total_blobs=10964 nmethods=10142 adapters=730
 compilation: enabled

Compilation events (10 events):
Event: 29.823 Thread 0x0000000013a5b000 nmethod 11708 0x000000000448c310 code [0x000000000448c4a0, 0x000000000448c928]
Event: 29.823 Thread 0x0000000013a5b000 11710       3       org.gradle.api.internal.tasks.compile.InnerClassMember::compareTo (9 bytes)
Event: 29.823 Thread 0x0000000013a5b000 nmethod 11710 0x000000000448ca90 code [0x000000000448cc00, 0x000000000448ce88]
Event: 29.823 Thread 0x0000000013a5b000 11709       3       org.objectweb.asm.SymbolTable::<init> (41 bytes)
Event: 29.824 Thread 0x0000000013a5b000 nmethod 11709 0x000000000448cf50 code [0x000000000448d0c0, 0x000000000448d4f0]
Event: 29.824 Thread 0x0000000013a5b000 11712       3       java.util.zip.ZipInputStream::readFully (44 bytes)
Event: 29.824 Thread 0x0000000013a5b000 nmethod 11712 0x000000000448d690 code [0x000000000448d820, 0x000000000448dbf8]
Event: 29.825 Thread 0x0000000013a5b000 11714       3       org.gradle.api.internal.changedetection.state.JdkZipEntry::getName (8 bytes)
Event: 29.826 Thread 0x0000000013a5b000 nmethod 11714 0x000000000448dd90 code [0x000000000448dee0, 0x000000000448e0d0]
Event: 29.827 Thread 0x0000000013a5b000 11715       3       org.objectweb.asm.ClassReader::readCode (5089 bytes)

GC Heap History (10 events):
Event: 18.836 GC heap before
{Heap before GC invocations=13 (full 3):
 PSYoungGen      total 145408K, used 13795K [0x00000000f5580000, 0x0000000100000000, 0x0000000100000000)
  eden space 131584K, 0% used [0x00000000f5580000,0x00000000f5580000,0x00000000fd600000)
  from space 13824K, 99% used [0x00000000ff280000,0x00000000ffff8e58,0x0000000100000000)
  to   space 21504K, 0% used [0x00000000fd600000,0x00000000fd600000,0x00000000feb00000)
 ParOldGen       total 175104K, used 31682K [0x00000000e0000000, 0x00000000eab00000, 0x00000000f5580000)
  object space 175104K, 18% used [0x00000000e0000000,0x00000000e1ef0b18,0x00000000eab00000)
 Metaspace       used 56511K, capacity 59022K, committed 59096K, reserved 1099776K
  class space    used 7900K, capacity 8520K, committed 8576K, reserved 1048576K
Event: 19.168 GC heap after
Heap after GC invocations=13 (full 3):
 PSYoungGen      total 145408K, used 0K [0x00000000f5580000, 0x0000000100000000, 0x0000000100000000)
  eden space 131584K, 0% used [0x00000000f5580000,0x00000000f5580000,0x00000000fd600000)
  from space 13824K, 0% used [0x00000000ff280000,0x00000000ff280000,0x0000000100000000)
  to   space 21504K, 0% used [0x00000000fd600000,0x00000000fd600000,0x00000000feb00000)
 ParOldGen       total 198144K, used 36201K [0x00000000e0000000, 0x00000000ec180000, 0x00000000f5580000)
  object space 198144K, 18% used [0x00000000e0000000,0x00000000e235a6a0,0x00000000ec180000)
 Metaspace       used 56490K, capacity 58950K, committed 59096K, reserved 1099776K
  class space    used 7893K, capacity 8508K, committed 8576K, reserved 1048576K
}
Event: 22.392 GC heap before
{Heap before GC invocations=14 (full 3):
 PSYoungGen      total 145408K, used 131584K [0x00000000f5580000, 0x0000000100000000, 0x0000000100000000)
  eden space 131584K, 100% used [0x00000000f5580000,0x00000000fd600000,0x00000000fd600000)
  from space 13824K, 0% used [0x00000000ff280000,0x00000000ff280000,0x0000000100000000)
  to   space 21504K, 0% used [0x00000000fd600000,0x00000000fd600000,0x00000000feb00000)
 ParOldGen       total 198144K, used 36201K [0x00000000e0000000, 0x00000000ec180000, 0x00000000f5580000)
  object space 198144K, 18% used [0x00000000e0000000,0x00000000e235a6a0,0x00000000ec180000)
 Metaspace       used 62118K, capacity 66004K, committed 66176K, reserved 1105920K
  class space    used 8739K, capacity 9733K, committed 9856K, reserved 1048576K
Event: 22.438 GC heap after
Heap after GC invocations=14 (full 3):
 PSYoungGen      total 152576K, used 20831K [0x00000000f5580000, 0x0000000100000000, 0x0000000100000000)
  eden space 131584K, 0% used [0x00000000f5580000,0x00000000f5580000,0x00000000fd600000)
  from space 20992K, 99% used [0x00000000fd600000,0x00000000fea57d90,0x00000000fea80000)
  to   space 22016K, 0% used [0x00000000fea80000,0x00000000fea80000,0x0000000100000000)
 ParOldGen       total 198144K, used 36209K [0x00000000e0000000, 0x00000000ec180000, 0x00000000f5580000)
  object space 198144K, 18% used [0x00000000e0000000,0x00000000e235c6a0,0x00000000ec180000)
 Metaspace       used 62118K, capacity 66004K, committed 66176K, reserved 1105920K
  class space    used 8739K, capacity 9733K, committed 9856K, reserved 1048576K
}
Event: 24.771 GC heap before
{Heap before GC invocations=15 (full 3):
 PSYoungGen      total 152576K, used 152415K [0x00000000f5580000, 0x0000000100000000, 0x0000000100000000)
  eden space 131584K, 100% used [0x00000000f5580000,0x00000000fd600000,0x00000000fd600000)
  from space 20992K, 99% used [0x00000000fd600000,0x00000000fea57d90,0x00000000fea80000)
  to   space 22016K, 0% used [0x00000000fea80000,0x00000000fea80000,0x0000000100000000)
 ParOldGen       total 198144K, used 36209K [0x00000000e0000000, 0x00000000ec180000, 0x00000000f5580000)
  object space 198144K, 18% used [0x00000000e0000000,0x00000000e235c6a0,0x00000000ec180000)
 Metaspace       used 64953K, capacity 69212K, committed 69248K, reserved 1107968K
  class space    used 9052K, capacity 10109K, committed 10112K, reserved 1048576K
Event: 24.838 GC heap after
Heap after GC invocations=15 (full 3):
 PSYoungGen      total 131072K, used 22016K [0x00000000f5580000, 0x0000000100000000, 0x0000000100000000)
  eden space 109056K, 0% used [0x00000000f5580000,0x00000000f5580000,0x00000000fc000000)
  from space 22016K, 100% used [0x00000000fea80000,0x0000000100000000,0x0000000100000000)
  to   space 32768K, 0% used [0x00000000fc000000,0x00000000fc000000,0x00000000fe000000)
 ParOldGen       total 198144K, used 54182K [0x00000000e0000000, 0x00000000ec180000, 0x00000000f5580000)
  object space 198144K, 27% used [0x00000000e0000000,0x00000000e34e9938,0x00000000ec180000)
 Metaspace       used 64953K, capacity 69212K, committed 69248K, reserved 1107968K
  class space    used 9052K, capacity 10109K, committed 10112K, reserved 1048576K
}
Event: 27.116 GC heap before
{Heap before GC invocations=16 (full 3):
 PSYoungGen      total 131072K, used 131072K [0x00000000f5580000, 0x0000000100000000, 0x0000000100000000)
  eden space 109056K, 100% used [0x00000000f5580000,0x00000000fc000000,0x00000000fc000000)
  from space 22016K, 100% used [0x00000000fea80000,0x0000000100000000,0x0000000100000000)
  to   space 32768K, 0% used [0x00000000fc000000,0x00000000fc000000,0x00000000fe000000)
 ParOldGen       total 198144K, used 54182K [0x00000000e0000000, 0x00000000ec180000, 0x00000000f5580000)
  object space 198144K, 27% used [0x00000000e0000000,0x00000000e34e9938,0x00000000ec180000)
 Metaspace       used 67061K, capacity 71778K, committed 71936K, reserved 1110016K
  class space    used 9381K, capacity 10446K, committed 10496K, reserved 1048576K
Event: 27.169 GC heap after
Heap after GC invocations=16 (full 3):
 PSYoungGen      total 141824K, used 8657K [0x00000000f5580000, 0x0000000100000000, 0x0000000100000000)
  eden space 109056K, 0% used [0x00000000f5580000,0x00000000f5580000,0x00000000fc000000)
  from space 32768K, 26% used [0x00000000fc000000,0x00000000fc874430,0x00000000fe000000)
  to   space 32256K, 0% used [0x00000000fe080000,0x00000000fe080000,0x0000000100000000)
 ParOldGen       total 198144K, used 75864K [0x00000000e0000000, 0x00000000ec180000, 0x00000000f5580000)
  object space 198144K, 38% used [0x00000000e0000000,0x00000000e4a162f0,0x00000000ec180000)
 Metaspace       used 67061K, capacity 71778K, committed 71936K, reserved 1110016K
  class space    used 9381K, capacity 10446K, committed 10496K, reserved 1048576K
}
Event: 29.735 GC heap before
{Heap before GC invocations=17 (full 3):
 PSYoungGen      total 141824K, used 117713K [0x00000000f5580000, 0x0000000100000000, 0x0000000100000000)
  eden space 109056K, 100% used [0x00000000f5580000,0x00000000fc000000,0x00000000fc000000)
  from space 32768K, 26% used [0x00000000fc000000,0x00000000fc874430,0x00000000fe000000)
  to   space 32256K, 0% used [0x00000000fe080000,0x00000000fe080000,0x0000000100000000)
 ParOldGen       total 198144K, used 75864K [0x00000000e0000000, 0x00000000ec180000, 0x00000000f5580000)
  object space 198144K, 38% used [0x00000000e0000000,0x00000000e4a162f0,0x00000000ec180000)
 Metaspace       used 69388K, capacity 74466K, committed 74624K, reserved 1114112K
  class space    used 9669K, capacity 10812K, committed 10880K, reserved 1048576K
Event: 29.765 GC heap after
Heap after GC invocations=17 (full 3):
 PSYoungGen      total 138240K, used 14222K [0x00000000f5580000, 0x00000000ffc80000, 0x0000000100000000)
  eden space 109568K, 0% used [0x00000000f5580000,0x00000000f5580000,0x00000000fc080000)
  from space 28672K, 49% used [0x00000000fe080000,0x00000000fee63928,0x00000000ffc80000)
  to   space 30720K, 0% used [0x00000000fc080000,0x00000000fc080000,0x00000000fde80000)
 ParOldGen       total 198144K, used 75872K [0x00000000e0000000, 0x00000000ec180000, 0x00000000f5580000)
  object space 198144K, 38% used [0x00000000e0000000,0x00000000e4a182f0,0x00000000ec180000)
 Metaspace       used 69388K, capacity 74466K, committed 74624K, reserved 1114112K
  class space    used 9669K, capacity 10812K, committed 10880K, reserved 1048576K
}

Deoptimization events (10 events):
Event: 29.614 Thread 0x0000000017916000 Uncommon trap: reason=array_check action=maybe_recompile pc=0x000000000442dd00 method=java.util.TimSort.binarySort([Ljava/lang/Object;IIILjava/util/Comparator;)V @ 215
Event: 29.637 Thread 0x000000001ad59000 Uncommon trap: reason=unstable_if action=reinterpret pc=0x00000000041e01b8 method=com.esotericsoftware.kryo.io.Output.writeString(Ljava/lang/CharSequence;)V @ 50
Event: 29.637 Thread 0x000000001ad59000 Uncommon trap: reason=unstable_if action=reinterpret pc=0x00000000027aa858 method=com.esotericsoftware.kryo.io.Output.writeString(Ljava/lang/CharSequence;)V @ 50
Event: 29.656 Thread 0x000000001ad52000 Uncommon trap: reason=class_check action=maybe_recompile pc=0x0000000002c1f878 method=java.util.zip.InflaterInputStream.read([BII)I @ 100
Event: 29.676 Thread 0x000000001ad52000 Uncommon trap: reason=unstable_if action=reinterpret pc=0x0000000003c146e8 method=org.objectweb.asm.MethodWriter.visitLabel(Lorg/objectweb/asm/Label;)V @ 312
Event: 29.676 Thread 0x000000001ad52000 Uncommon trap: reason=unstable_if action=reinterpret pc=0x0000000003c1cc38 method=org.objectweb.asm.MethodWriter.visitInsn(I)V @ 32
Event: 29.676 Thread 0x000000001ad52000 Uncommon trap: reason=unstable_if action=reinterpret pc=0x0000000003c0f994 method=org.objectweb.asm.MethodWriter.visitMethodInsn(ILjava/lang/String;Ljava/lang/String;Ljava/lang/String;Z)V @ 89
Event: 29.677 Thread 0x000000001ad52000 Uncommon trap: reason=class_check action=maybe_recompile pc=0x0000000002c1f878 method=java.util.zip.InflaterInputStream.read([BII)I @ 100
Event: 29.677 Thread 0x000000001ad52000 Uncommon trap: reason=class_check action=maybe_recompile pc=0x0000000002c1f878 method=java.util.zip.InflaterInputStream.read([BII)I @ 100
Event: 29.677 Thread 0x000000001ad52000 Uncommon trap: reason=class_check action=maybe_recompile pc=0x0000000002c1f878 method=java.util.zip.InflaterInputStream.read([BII)I @ 100

Classes redefined (0 events):
No events

Internal exceptions (10 events):
Event: 28.579 Thread 0x000000001ad5a800 Exception <a 'sun/nio/fs/WindowsException'> (0x00000000f97c2198) thrown at [C:\ade\jenkins\workspace\8-2-build-windows-amd64-cygwin\jdk8u241\331\hotspot\src\share\vm\prims\jni.cpp, line 710]
Event: 28.616 Thread 0x000000001785c800 Exception <a 'java/lang/NoSuchMethodError': <clinit>> (0x00000000f95cb560) thrown at [C:\ade\jenkins\workspace\8-2-build-windows-amd64-cygwin\jdk8u241\331\hotspot\src\share\vm\prims\jni.cpp, line 1614]
Event: 28.618 Thread 0x000000001785c800 Implicit null exception at 0x0000000002f0896a to 0x0000000002f08bd9
Event: 28.731 Thread 0x000000001ad5c000 Exception <a 'sun/nio/fs/WindowsException'> (0x00000000f9cca7f8) thrown at [C:\ade\jenkins\workspace\8-2-build-windows-amd64-cygwin\jdk8u241\331\hotspot\src\share\vm\prims\jni.cpp, line 710]
Event: 28.739 Thread 0x000000001785c800 Exception <a 'java/lang/NoSuchMethodError': <clinit>> (0x00000000f960d290) thrown at [C:\ade\jenkins\workspace\8-2-build-windows-amd64-cygwin\jdk8u241\331\hotspot\src\share\vm\prims\jni.cpp, line 1614]
Event: 28.992 Thread 0x000000001ad5d000 Exception <a 'sun/nio/fs/WindowsException'> (0x00000000fa1f2bc8) thrown at [C:\ade\jenkins\workspace\8-2-build-windows-amd64-cygwin\jdk8u241\331\hotspot\src\share\vm\prims\jni.cpp, line 710]
Event: 29.386 Thread 0x000000001785c800 Exception <a 'java/lang/NoSuchMethodError': <clinit>> (0x00000000fb46ad98) thrown at [C:\ade\jenkins\workspace\8-2-build-windows-amd64-cygwin\jdk8u241\331\hotspot\src\share\vm\prims\jni.cpp, line 1614]
Event: 29.413 Thread 0x000000001785c800 Exception <a 'java/lang/NoSuchMethodError': <clinit>> (0x00000000fb4cc348) thrown at [C:\ade\jenkins\workspace\8-2-build-windows-amd64-cygwin\jdk8u241\331\hotspot\src\share\vm\prims\jni.cpp, line 1614]
Event: 29.456 Thread 0x000000001ad5d000 Exception <a 'sun/nio/fs/WindowsException'> (0x00000000fb91e908) thrown at [C:\ade\jenkins\workspace\8-2-build-windows-amd64-cygwin\jdk8u241\331\hotspot\src\share\vm\prims\jni.cpp, line 710]
Event: 29.606 Thread 0x0000000017916000 Exception <a 'sun/nio/fs/WindowsException'> (0x00000000fae33e58) thrown at [C:\ade\jenkins\workspace\8-2-build-windows-amd64-cygwin\jdk8u241\331\hotspot\src\share\vm\prims\jni.cpp, line 710]

Events (10 events):
Event: 29.677 Thread 0x000000001ad52000 DEOPT PACKING pc=0x0000000002c1f878 sp=0x0000000022c8bf80
Event: 29.677 Thread 0x000000001ad52000 DEOPT UNPACKING pc=0x000000000266583b sp=0x0000000022c8bf98 mode 2
Event: 29.728 Executing VM operation: ParallelGCFailedAllocation
Event: 29.765 Executing VM operation: ParallelGCFailedAllocation done
Event: 29.765 Executing VM operation: RevokeBias
Event: 29.765 Executing VM operation: RevokeBias done
Event: 29.805 Executing VM operation: RevokeBias
Event: 29.806 Executing VM operation: RevokeBias done
Event: 29.806 Executing VM operation: RevokeBias
Event: 29.807 Executing VM operation: RevokeBias done


Dynamic libraries:
0x00007ff680540000 - 0x00007ff680577000 	C:\Program Files\Java\jdk1.8.0_241\bin\java.exe
0x00007ffce9040000 - 0x00007ffce9230000 	C:\Windows\SYSTEM32\ntdll.dll
0x00007ffce84e0000 - 0x00007ffce8592000 	C:\Windows\System32\KERNEL32.DLL
0x00007ffce6330000 - 0x00007ffce65d5000 	C:\Windows\System32\KERNELBASE.dll
0x00007ffce83d0000 - 0x00007ffce8473000 	C:\Windows\System32\ADVAPI32.dll
0x00007ffce7860000 - 0x00007ffce78fe000 	C:\Windows\System32\msvcrt.dll
0x00007ffce86d0000 - 0x00007ffce8767000 	C:\Windows\System32\sechost.dll
0x00007ffce8910000 - 0x00007ffce8a2f000 	C:\Windows\System32\RPCRT4.dll
0x00007ffce7380000 - 0x00007ffce7514000 	C:\Windows\System32\USER32.dll
0x00007ffce66e0000 - 0x00007ffce6701000 	C:\Windows\System32\win32u.dll
0x00007ffce8770000 - 0x00007ffce8796000 	C:\Windows\System32\GDI32.dll
0x00007ffce60e0000 - 0x00007ffce6278000 	C:\Windows\System32\gdi32full.dll
0x00007ffce68b0000 - 0x00007ffce694e000 	C:\Windows\System32\msvcp_win.dll
0x00007ffce65e0000 - 0x00007ffce66da000 	C:\Windows\System32\ucrtbase.dll
0x00007ffcd0a10000 - 0x00007ffcd0c94000 	C:\Windows\WinSxS\amd64_microsoft.windows.common-controls_6595b64144ccf1df_6.0.18362.1316_none_9e7a364fe461dbd7\COMCTL32.dll
0x00007ffce7520000 - 0x00007ffce7857000 	C:\Windows\System32\combase.dll
0x00007ffce6050000 - 0x00007ffce60d1000 	C:\Windows\System32\bcryptPrimitives.dll
0x00007ffce87a0000 - 0x00007ffce87ce000 	C:\Windows\System32\IMM32.DLL
0x0000000060380000 - 0x0000000060452000 	C:\Program Files\Java\jdk1.8.0_241\jre\bin\msvcr100.dll
0x000000005fad0000 - 0x000000006037c000 	C:\Program Files\Java\jdk1.8.0_241\jre\bin\server\jvm.dll
0x00007ffce70f0000 - 0x00007ffce70f8000 	C:\Windows\System32\PSAPI.DLL
0x00007ffce2660000 - 0x00007ffce2669000 	C:\Windows\SYSTEM32\WSOCK32.dll
0x00007ffce36d0000 - 0x00007ffce36f4000 	C:\Windows\SYSTEM32\WINMM.dll
0x00007ffce8f10000 - 0x00007ffce8f7f000 	C:\Windows\System32\WS2_32.dll
0x00007ffcd6750000 - 0x00007ffcd675a000 	C:\Windows\SYSTEM32\VERSION.dll
0x00007ffce36a0000 - 0x00007ffce36cd000 	C:\Windows\SYSTEM32\winmmbase.dll
0x00007ffce6860000 - 0x00007ffce68aa000 	C:\Windows\System32\cfgmgr32.dll
0x00007ffcd1960000 - 0x00007ffcd196f000 	C:\Program Files\Java\jdk1.8.0_241\jre\bin\verify.dll
0x00007ffcc9dd0000 - 0x00007ffcc9df9000 	C:\Program Files\Java\jdk1.8.0_241\jre\bin\java.dll
0x00007ffcc9db0000 - 0x00007ffcc9dc6000 	C:\Program Files\Java\jdk1.8.0_241\jre\bin\zip.dll
0x00007ffce7900000 - 0x00007ffce7fe8000 	C:\Windows\System32\SHELL32.dll
0x00007ffce72d0000 - 0x00007ffce7377000 	C:\Windows\System32\shcore.dll
0x00007ffce6970000 - 0x00007ffce70eb000 	C:\Windows\System32\windows.storage.dll
0x00007ffce5f90000 - 0x00007ffce5fb3000 	C:\Windows\System32\profapi.dll
0x00007ffce5f00000 - 0x00007ffce5f4a000 	C:\Windows\System32\powrprof.dll
0x00007ffce5ef0000 - 0x00007ffce5f00000 	C:\Windows\System32\UMPDC.dll
0x00007ffce8480000 - 0x00007ffce84d2000 	C:\Windows\System32\shlwapi.dll
0x00007ffce5f70000 - 0x00007ffce5f81000 	C:\Windows\System32\kernel.appcore.dll
0x00007ffce6950000 - 0x00007ffce6967000 	C:\Windows\System32\cryptsp.dll
0x00007ffcc9d90000 - 0x00007ffcc9daa000 	C:\Program Files\Java\jdk1.8.0_241\jre\bin\net.dll
0x00007ffce56e0000 - 0x00007ffce5747000 	C:\Windows\system32\mswsock.dll
0x00007ffcc9d70000 - 0x00007ffcc9d82000 	C:\Program Files\Java\jdk1.8.0_241\jre\bin\nio.dll
0x00007ffcc9e90000 - 0x00007ffcc9eba000 	C:\Users\Amine\.gradle\native\36\windows-amd64\native-platform.dll
0x00007ffccdf30000 - 0x00007ffccdf3d000 	C:\Program Files\Java\jdk1.8.0_241\jre\bin\management.dll
0x00007ffce5210000 - 0x00007ffce5243000 	C:\Windows\system32\rsaenh.dll
0x00007ffce5fc0000 - 0x00007ffce5fe6000 	C:\Windows\System32\bcrypt.dll
0x00007ffce5e10000 - 0x00007ffce5e35000 	C:\Windows\SYSTEM32\USERENV.dll
0x00007ffce5860000 - 0x00007ffce586c000 	C:\Windows\SYSTEM32\CRYPTBASE.dll
0x00007ffce53a0000 - 0x00007ffce53da000 	C:\Windows\SYSTEM32\IPHLPAPI.DLL
0x00007ffce71d0000 - 0x00007ffce71d8000 	C:\Windows\System32\NSI.dll
0x00007ffcd89d0000 - 0x00007ffcd89e6000 	C:\Windows\SYSTEM32\dhcpcsvc6.DLL
0x00007ffcd89b0000 - 0x00007ffcd89cc000 	C:\Windows\SYSTEM32\dhcpcsvc.DLL
0x00007ffce5440000 - 0x00007ffce550b000 	C:\Windows\SYSTEM32\DNSAPI.dll

VM Arguments:
jvm_args: -XX:MaxMetaspaceSize=256m -XX:+HeapDumpOnOutOfMemoryError -Xms256m -Xmx512m -Dfile.encoding=windows-1252 -Duser.country=FR -Duser.language=fr -Duser.variant 
java_command: org.gradle.launcher.daemon.bootstrap.GradleDaemon 6.2
java_class_path (initial): C:\Users\Amine\.gradle\wrapper\dists\gradle-6.2-all\dvufqs6kielxeao781pmk5huj\gradle-6.2\lib\gradle-launcher-6.2.jar
Launcher Type: SUN_STANDARD

Environment Variables:
CLASSPATH=E:\Projects\iNetty mobile app\iNettyForTeams\android\\gradle\wrapper\gradle-wrapper.jar
PATH=E:\Projects\iNetty mobile app\iNettyForTeams\android\node_modules\.bin;E:\Projects\iNetty mobile app\iNettyForTeams\node_modules\.bin;E:\Projects\iNetty mobile app\node_modules\.bin;E:\Projects\node_modules\.bin;E:\node_modules\.bin;C:\Program Files\nodejs;C:\Program Files (x86)\Common Files\Oracle\Java\javapath;C:\Python27\;C:\Python27\Scripts;C:\Windows\system32;C:\Windows;C:\Windows\System32\Wbem;C:\Windows\System32\WindowsPowerShell\v1.0\;C:\Windows\System32\OpenSSH\;C:\Program Files\nodejs\;C:\ProgramData\chocolatey\bin;C:\Users\Amine\AppData\Local\Android\Sdk\platform-tools;C:\Program Files\PuTTY\;C:\Program Files\dotnet\;C:\Program Files\Git\cmd;C:\xampp\php;C:\composer;C:\Program Files\Docker\Docker\resources\bin;C:\ProgramData\DockerDesktop\version-bin;C:\Users\Amine\AppData\Local\Microsoft\WindowsApps;C:\Users\Amine\AppData\Local\Programs\Microsoft VS Code\bin;C:\Users\Amine\AppData\Local\GitHubDesktop\bin;C:\Program Files (x86)\Nmap;C:\Users\Amine\AppData\Roaming\npm;C:\Users\Amine\AppData\Local\Android\Sdk\platform-tools;C:\Users\Amine\AppData\Roaming\Composer\vendor\bin;C:\Users\Amine\AppData\Roaming\Composer;
USERNAME=Amine
OS=Windows_NT
PROCESSOR_IDENTIFIER=Intel64 Family 6 Model 61 Stepping 4, GenuineIntel



---------------  S Y S T E M  ---------------

OS: Windows 10.0 , 64 bit Build 18362 (10.0.18362.1316)

CPU:total 4 (initial active 4) (2 cores per cpu, 2 threads per core) family 6 model 61 stepping 4, cmov, cx8, fxsr, mmx, sse, sse2, sse3, ssse3, sse4.1, sse4.2, popcnt, avx, avx2, aes, clmul, erms, rtm, 3dnowpref, lzcnt, ht, tsc, tscinvbit, bmi1, bmi2, adx

Memory: 4k page, physical 8077292k(1259716k free), swap 33243116k(5200k free)

vm_info: Java HotSpot(TM) 64-Bit Server VM (25.241-b07) for windows-amd64 JRE (1.8.0_241-b07), built on Dec 11 2019 10:21:40 by "rejava" with MS VC++ 10.0 (VS2010)

time: Wed Apr 07 10:52:55 2021
timezone: Paris, Madrid (heure d’été)
elapsed time: 29 seconds (0d 0h 0m 29s)

