#
# There is insufficient memory for the Java Runtime Environment to continue.
# Native memory allocation (malloc) failed to allocate 967376 bytes for Chunk::new
# Possible reasons:
#   The system is out of physical RAM or swap space
#   The process is running with CompressedOops enabled, and the Java Heap may be blocking the growth of the native heap
# Possible solutions:
#   Reduce memory load on the system
#   Increase physical memory or swap space
#   Check if swap backing store is full
#   Decrease Java heap size (-Xmx/-Xms)
#   Decrease number of Java threads
#   Decrease Java thread stack sizes (-Xss)
#   Set larger code cache with -XX:ReservedCodeCacheSize=
#   JVM is running with Unscaled Compressed Oops mode in which the Java heap is
#     placed in the first 4GB address space. The Java Heap base address is the
#     maximum limit for the native heap growth. Please use -XX:HeapBaseMinAddress
#     to set the Java Heap base and to place the Java Heap above 4GB virtual address.
# This output file may be truncated or incomplete.
#
#  Out of Memory Error (allocation.cpp:389), pid=33808, tid=0x0000000000006de4
#
# JRE version: Java(TM) SE Runtime Environment (8.0_241-b07) (build 1.8.0_241-b07)
# Java VM: Java HotSpot(TM) 64-Bit Server VM (25.241-b07 mixed mode windows-amd64 compressed oops)
# Failed to write core dump. Minidumps are not enabled by default on client versions of Windows
#

---------------  T H R E A D  ---------------

Current thread (0x0000000013ead000):  JavaThread "C2 CompilerThread1" daemon [_thread_in_native, id=28132, stack(0x0000000015610000,0x0000000015710000)]

Stack: [0x0000000015610000,0x0000000015710000]
[error occurred during error reporting (printing stack bounds), id 0xc0000005]

Native frames: (J=compiled Java code, j=interpreted, Vv=VM code, C=native code)


Current CompileTask:
C2: 200001 13043       4       java.net.URLClassLoader$1::run (5 bytes)


---------------  P R O C E S S  ---------------

Java Threads: ( => current thread )
  0x000000001bfdc800 JavaThread "Cache worker for Java compile cache (E:\Projects\iNetty mobile app\iNettyForTeams\android\.gradle\6.2\javaCompile)" [_thread_in_Java, id=31476, stack(0x00000000239a0000,0x0000000023aa0000)]
  0x000000001bfd6800 JavaThread "Cache worker for Java compile cache (C:\Users\Amine\.gradle\caches\6.2\javaCompile)" [_thread_blocked, id=9640, stack(0x0000000023ae0000,0x0000000023be0000)]
  0x000000001bfd5000 JavaThread "WorkerExecutor Queue Thread 4" [_thread_blocked, id=34956, stack(0x00000000236a0000,0x00000000237a0000)]
  0x000000001bfd9800 JavaThread "WorkerExecutor Queue Thread 3" [_thread_blocked, id=22908, stack(0x00000000235a0000,0x00000000236a0000)]
  0x000000001bfd2800 JavaThread "WorkerExecutor Queue Thread 2" [_thread_blocked, id=34064, stack(0x00000000234a0000,0x00000000235a0000)]
  0x000000001bfd5800 JavaThread "WorkerExecutor Queue" [_thread_blocked, id=22772, stack(0x00000000233a0000,0x00000000234a0000)]
  0x000000001bfd8000 JavaThread "Cache worker for execution history cache (E:\Projects\iNetty mobile app\iNettyForTeams\android\.gradle\6.2\executionHistory)" [_thread_blocked, id=24888, stack(0x0000000022e90000,0x0000000022f90000)]
  0x000000001bfd2000 JavaThread "Execution worker for ':' Thread 3" [_thread_blocked, id=29128, stack(0x0000000021dc0000,0x0000000021ec0000)]
  0x000000001d372800 JavaThread "Execution worker for ':' Thread 2" [_thread_blocked, id=31672, stack(0x0000000021a00000,0x0000000021b00000)]
  0x000000001d374000 JavaThread "Execution worker for ':'" [_thread_blocked, id=9984, stack(0x0000000021900000,0x0000000021a00000)]
  0x000000001d36d000 JavaThread "Cache worker for file content cache (E:\Projects\iNetty mobile app\iNettyForTeams\android\.gradle\6.2\fileContent)" [_thread_blocked, id=27276, stack(0x0000000021600000,0x0000000021700000)]
  0x000000001d371800 JavaThread "Cache worker for file content cache (C:\Users\Amine\.gradle\caches\6.2\fileContent)" [_thread_blocked, id=30676, stack(0x0000000021500000,0x0000000021600000)]
  0x000000001d373000 JavaThread "Memory manager" [_thread_blocked, id=32256, stack(0x0000000021000000,0x0000000021100000)]
  0x000000001d370000 JavaThread "Cache worker for Build Output Cleanup Cache (E:\Projects\iNetty mobile app\iNettyForTeams\android\.gradle\buildOutputCleanup)" [_thread_blocked, id=22276, stack(0x0000000020900000,0x0000000020a00000)]
  0x000000001d36e800 JavaThread "pool-2-thread-1" [_thread_blocked, id=29848, stack(0x0000000020200000,0x0000000020300000)]
  0x000000001d36e000 JavaThread "Build operations Thread 4" [_thread_blocked, id=26152, stack(0x000000001ff00000,0x0000000020000000)]
  0x000000001d365800 JavaThread "Build operations Thread 3" [_thread_blocked, id=18052, stack(0x000000001fa00000,0x000000001fb00000)]
  0x000000001d36c800 JavaThread "Build operations Thread 2" [_thread_blocked, id=34788, stack(0x000000001f900000,0x000000001fa00000)]
  0x000000001d369800 JavaThread "Build operations" [_thread_blocked, id=22512, stack(0x000000001d8d0000,0x000000001d9d0000)]
  0x000000001d36b800 JavaThread "Cache worker for cache directory md-rule (C:\Users\Amine\.gradle\caches\6.2\md-rule)" [_thread_blocked, id=1408, stack(0x000000001d7d0000,0x000000001d8d0000)]
  0x000000001d365000 JavaThread "Cache worker for cache directory md-supplier (C:\Users\Amine\.gradle\caches\6.2\md-supplier)" [_thread_blocked, id=26928, stack(0x000000001c680000,0x000000001c780000)]
  0x000000001d368000 JavaThread "Cache worker for file hash cache (E:\Projects\iNetty mobile app\iNettyForTeams\android\.gradle\6.2\fileHashes)" [_thread_blocked, id=28008, stack(0x000000001c200000,0x000000001c300000)]
  0x000000001d36a000 JavaThread "Cache worker for checksums cache (E:\Projects\iNetty mobile app\iNettyForTeams\android\.gradle\checksums)" [_thread_blocked, id=13472, stack(0x000000001c100000,0x000000001c200000)]
  0x000000001d368800 JavaThread "Thread-29" [_thread_blocked, id=34536, stack(0x000000001c000000,0x000000001c100000)]
  0x000000001d367000 JavaThread "Stdin handler" [_thread_blocked, id=21936, stack(0x0000000019760000,0x0000000019860000)]
  0x000000001d36b000 JavaThread "Asynchronous log dispatcher for DefaultDaemonConnection: socket connection from /127.0.0.1:12324 to /127.0.0.1:12390" [_thread_blocked, id=22508, stack(0x0000000019460000,0x0000000019560000)]
  0x000000001d366800 JavaThread "Daemon worker Thread 2" [_thread_blocked, id=14200, stack(0x0000000019360000,0x0000000019460000)]
  0x0000000016bce800 JavaThread "Cancel handler" [_thread_blocked, id=11228, stack(0x0000000019060000,0x0000000019160000)]
  0x0000000016bcd000 JavaThread "Handler for socket connection from /127.0.0.1:12324 to /127.0.0.1:12390" [_thread_in_native, id=34808, stack(0x0000000018f60000,0x0000000019060000)]
  0x0000000016bcc800 JavaThread "Daemon Thread 2" [_thread_blocked, id=25052, stack(0x0000000000cf0000,0x0000000000df0000)]
  0x0000000016bd1000 JavaThread "Cache worker for execution history cache (C:\Users\Amine\.gradle\caches\6.2\executionHistory)" [_thread_blocked, id=14340, stack(0x000000001c580000,0x000000001c680000)]
  0x0000000016bce000 JavaThread "Cache worker for file hash cache (C:\Users\Amine\.gradle\caches\6.2\fileHashes)" [_thread_blocked, id=31004, stack(0x0000000019c60000,0x0000000019d60000)]
  0x0000000016bcb800 JavaThread "File lock request listener" [_thread_in_native, id=13920, stack(0x0000000019b60000,0x0000000019c60000)]
  0x0000000016bd1800 JavaThread "Cache worker for journal cache (C:\Users\Amine\.gradle\caches\journal-1)" [_thread_blocked, id=5420, stack(0x0000000019a60000,0x0000000019b60000)]
  0x000000001718d800 JavaThread "Daemon periodic checks" [_thread_blocked, id=27504, stack(0x0000000018e60000,0x0000000018f60000)]
  0x000000001666d800 JavaThread "Incoming local TCP Connector on port 12324" [_thread_in_native, id=26388, stack(0x0000000018d60000,0x0000000018e60000)]
  0x0000000017a4a800 JavaThread "Daemon health stats" [_thread_blocked, id=34508, stack(0x0000000018720000,0x0000000018820000)]
  0x0000000015843000 JavaThread "Service Thread" daemon [_thread_blocked, id=32696, stack(0x0000000015c10000,0x0000000015d10000)]
  0x0000000013eb0000 JavaThread "C1 CompilerThread2" daemon [_thread_blocked, id=30816, stack(0x0000000015710000,0x0000000015810000)]
=>0x0000000013ead000 JavaThread "C2 CompilerThread1" daemon [_thread_in_native, id=28132, stack(0x0000000015610000,0x0000000015710000)]
  0x0000000013eaa000 JavaThread "C2 CompilerThread0" daemon [_thread_in_native, id=32804, stack(0x0000000015510000,0x0000000015610000)]
  0x0000000013ea6800 JavaThread "Attach Listener" daemon [_thread_blocked, id=33640, stack(0x0000000015410000,0x0000000015510000)]
  0x0000000013ea5000 JavaThread "Signal Dispatcher" daemon [_thread_blocked, id=30768, stack(0x0000000015310000,0x0000000015410000)]
  0x0000000002a7c000 JavaThread "Finalizer" daemon [_thread_blocked, id=32192, stack(0x00000000150f0000,0x00000000151f0000)]
  0x0000000002a71800 JavaThread "Reference Handler" daemon [_thread_blocked, id=24716, stack(0x0000000014ff0000,0x00000000150f0000)]
  0x0000000002982800 JavaThread "main" [_thread_blocked, id=21632, stack(0x0000000002880000,0x0000000002980000)]

Other Threads:
  0x0000000013e67800 VMThread [stack: 0x0000000014ef0000,0x0000000014ff0000] [id=22900]
  0x000000001585d000 WatcherThread [stack: 0x0000000015e80000,0x0000000015f80000] [id=34456]

VM state:not at safepoint (normal execution)

VM Mutex/Monitor currently owned by a thread: None

heap address: 0x00000000e0000000, size: 512 MB, Compressed Oops mode: 32-bit
Narrow klass base: 0x0000000000000000, Narrow klass shift: 3
Compressed class space size: 1073741824 Address: 0x0000000100000000

Heap:
 PSYoungGen      total 150016K, used 132851K [0x00000000f5580000, 0x0000000100000000, 0x0000000100000000)
  eden space 124416K, 97% used [0x00000000f5580000,0x00000000fcc7d8e8,0x00000000fcf00000)
  from space 25600K, 42% used [0x00000000fe700000,0x00000000ff1bf558,0x0000000100000000)
  to   space 24576K, 0% used [0x00000000fcf00000,0x00000000fcf00000,0x00000000fe700000)
 ParOldGen       total 187904K, used 79861K [0x00000000e0000000, 0x00000000eb780000, 0x00000000f5580000)
  object space 187904K, 42% used [0x00000000e0000000,0x00000000e4dfd668,0x00000000eb780000)
 Metaspace       used 79277K, capacity 84548K, committed 84696K, reserved 1122304K
  class space    used 10727K, capacity 11945K, committed 12032K, reserved 1048576K

Card table byte_map: [0x0000000011e40000,0x0000000011f50000] byte_map_base: 0x0000000011740000

Marking Bits: (ParMarkBitMap*) 0x00000000602fbe30
 Begin Bits: [0x0000000012400000, 0x0000000012c00000)
 End Bits:   [0x0000000012c00000, 0x0000000013400000)

Polling page: 0x0000000000be0000

CodeCache: size=245760Kb used=35649Kb max_used=35649Kb free=210110Kb
 bounds [0x0000000002a80000, 0x0000000004d80000, 0x0000000011a80000]
 total_blobs=12147 nmethods=11301 adapters=756
 compilation: enabled

Compilation events (10 events):
Event: 199.988 Thread 0x0000000013eb0000 13102       1       org.gradle.api.internal.tasks.compile.incremental.deps.ClassAnalysis::getConstants (5 bytes)
Event: 199.988 Thread 0x0000000013eb0000 nmethod 13102 0x0000000004d6c590 code [0x0000000004d6c6e0, 0x0000000004d6c7f0]
Event: 199.992 Thread 0x0000000013eb0000 13103       3       org.gradle.api.internal.tasks.compile.incremental.deps.ClassDependentsAccumulator::addDependency (18 bytes)
Event: 199.993 Thread 0x0000000013eb0000 nmethod 13103 0x0000000004d6c850 code [0x0000000004d6ca40, 0x0000000004d6d388]
Event: 199.993 Thread 0x0000000013eb0000 13104       3       org.gradle.api.internal.tasks.compile.incremental.deps.ClassDependentsAccumulator::rememberClass (30 bytes)
Event: 199.994 Thread 0x0000000013eb0000 nmethod 13104 0x0000000004d6d950 code [0x0000000004d6db20, 0x0000000004d6e338]
Event: 199.994 Thread 0x0000000013eb0000 13105   !   3       org.apache.tools.zip.ZipFile$BoundedInputStream::read (137 bytes)
Event: 199.995 Thread 0x0000000013eb0000 nmethod 13105 0x0000000004d6e750 code [0x0000000004d6e920, 0x0000000004d6f0e8]
Event: 199.999 Thread 0x0000000013eb0000 13106       3       org.gradle.internal.hash.Hashing::newPrimitiveHasher (9 bytes)
Event: 200.000 Thread 0x0000000013eb0000 nmethod 13106 0x0000000004d6f690 code [0x0000000004d6f880, 0x0000000004d701b8]

GC Heap History (10 events):
Event: 183.619 GC heap before
{Heap before GC invocations=13 (full 3):
 PSYoungGen      total 146432K, used 13816K [0x00000000f5580000, 0x0000000100000000, 0x0000000100000000)
  eden space 132608K, 0% used [0x00000000f5580000,0x00000000f5580000,0x00000000fd700000)
  from space 13824K, 99% used [0x00000000ff280000,0x00000000ffffe110,0x0000000100000000)
  to   space 20992K, 0% used [0x00000000fd700000,0x00000000fd700000,0x00000000feb80000)
 ParOldGen       total 175104K, used 30460K [0x00000000e0000000, 0x00000000eab00000, 0x00000000f5580000)
  object space 175104K, 17% used [0x00000000e0000000,0x00000000e1dbf0a8,0x00000000eab00000)
 Metaspace       used 56663K, capacity 59064K, committed 59096K, reserved 1099776K
  class space    used 7617K, capacity 8174K, committed 8192K, reserved 1048576K
Event: 183.934 GC heap after
Heap after GC invocations=13 (full 3):
 PSYoungGen      total 146432K, used 0K [0x00000000f5580000, 0x0000000100000000, 0x0000000100000000)
  eden space 132608K, 0% used [0x00000000f5580000,0x00000000f5580000,0x00000000fd700000)
  from space 13824K, 0% used [0x00000000ff280000,0x00000000ff280000,0x0000000100000000)
  to   space 20992K, 0% used [0x00000000fd700000,0x00000000fd700000,0x00000000feb80000)
 ParOldGen       total 187904K, used 32976K [0x00000000e0000000, 0x00000000eb780000, 0x00000000f5580000)
  object space 187904K, 17% used [0x00000000e0000000,0x00000000e20342e0,0x00000000eb780000)
 Metaspace       used 56647K, capacity 59010K, committed 59096K, reserved 1099776K
  class space    used 7612K, capacity 8165K, committed 8192K, reserved 1048576K
}
Event: 188.075 GC heap before
{Heap before GC invocations=14 (full 3):
 PSYoungGen      total 146432K, used 132608K [0x00000000f5580000, 0x0000000100000000, 0x0000000100000000)
  eden space 132608K, 100% used [0x00000000f5580000,0x00000000fd700000,0x00000000fd700000)
  from space 13824K, 0% used [0x00000000ff280000,0x00000000ff280000,0x0000000100000000)
  to   space 20992K, 0% used [0x00000000fd700000,0x00000000fd700000,0x00000000feb80000)
 ParOldGen       total 187904K, used 32976K [0x00000000e0000000, 0x00000000eb780000, 0x00000000f5580000)
  object space 187904K, 17% used [0x00000000e0000000,0x00000000e20342e0,0x00000000eb780000)
 Metaspace       used 62733K, capacity 66442K, committed 66776K, reserved 1105920K
  class space    used 8491K, capacity 9377K, committed 9472K, reserved 1048576K
Event: 188.099 GC heap after
Heap after GC invocations=14 (full 3):
 PSYoungGen      total 151552K, used 18922K [0x00000000f5580000, 0x0000000100000000, 0x0000000100000000)
  eden space 132608K, 0% used [0x00000000f5580000,0x00000000f5580000,0x00000000fd700000)
  from space 18944K, 99% used [0x00000000fd700000,0x00000000fe97aaa0,0x00000000fe980000)
  to   space 22528K, 0% used [0x00000000fea00000,0x00000000fea00000,0x0000000100000000)
 ParOldGen       total 187904K, used 33048K [0x00000000e0000000, 0x00000000eb780000, 0x00000000f5580000)
  object space 187904K, 17% used [0x00000000e0000000,0x00000000e20462f0,0x00000000eb780000)
 Metaspace       used 62733K, capacity 66442K, committed 66776K, reserved 1105920K
  class space    used 8491K, capacity 9377K, committed 9472K, reserved 1048576K
}
Event: 191.437 GC heap before
{Heap before GC invocations=15 (full 3):
 PSYoungGen      total 151552K, used 151530K [0x00000000f5580000, 0x0000000100000000, 0x0000000100000000)
  eden space 132608K, 100% used [0x00000000f5580000,0x00000000fd700000,0x00000000fd700000)
  from space 18944K, 99% used [0x00000000fd700000,0x00000000fe97aaa0,0x00000000fe980000)
  to   space 22528K, 0% used [0x00000000fea00000,0x00000000fea00000,0x0000000100000000)
 ParOldGen       total 187904K, used 33048K [0x00000000e0000000, 0x00000000eb780000, 0x00000000f5580000)
  object space 187904K, 17% used [0x00000000e0000000,0x00000000e20462f0,0x00000000eb780000)
 Metaspace       used 68209K, capacity 72474K, committed 72536K, reserved 1112064K
  class space    used 9269K, capacity 10318K, committed 10368K, reserved 1048576K
Event: 191.499 GC heap after
Heap after GC invocations=15 (full 3):
 PSYoungGen      total 148992K, used 18007K [0x00000000f5580000, 0x0000000100000000, 0x0000000100000000)
  eden space 126464K, 0% used [0x00000000f5580000,0x00000000f5580000,0x00000000fd100000)
  from space 22528K, 79% used [0x00000000fea00000,0x00000000ffb95e60,0x0000000100000000)
  to   space 24064K, 0% used [0x00000000fd100000,0x00000000fd100000,0x00000000fe880000)
 ParOldGen       total 187904K, used 48008K [0x00000000e0000000, 0x00000000eb780000, 0x00000000f5580000)
  object space 187904K, 25% used [0x00000000e0000000,0x00000000e2ee2060,0x00000000eb780000)
 Metaspace       used 68209K, capacity 72474K, committed 72536K, reserved 1112064K
  class space    used 9269K, capacity 10318K, committed 10368K, reserved 1048576K
}
Event: 194.157 GC heap before
{Heap before GC invocations=16 (full 3):
 PSYoungGen      total 148992K, used 144471K [0x00000000f5580000, 0x0000000100000000, 0x0000000100000000)
  eden space 126464K, 100% used [0x00000000f5580000,0x00000000fd100000,0x00000000fd100000)
  from space 22528K, 79% used [0x00000000fea00000,0x00000000ffb95e60,0x0000000100000000)
  to   space 24064K, 0% used [0x00000000fd100000,0x00000000fd100000,0x00000000fe880000)
 ParOldGen       total 187904K, used 48008K [0x00000000e0000000, 0x00000000eb780000, 0x00000000f5580000)
  object space 187904K, 25% used [0x00000000e0000000,0x00000000e2ee2060,0x00000000eb780000)
 Metaspace       used 70464K, capacity 75214K, committed 75480K, reserved 1114112K
  class space    used 9621K, capacity 10710K, committed 10752K, reserved 1048576K
Event: 194.203 GC heap after
Heap after GC invocations=16 (full 3):
 PSYoungGen      total 146944K, used 20081K [0x00000000f5580000, 0x0000000100000000, 0x0000000100000000)
  eden space 126464K, 0% used [0x00000000f5580000,0x00000000f5580000,0x00000000fd100000)
  from space 20480K, 98% used [0x00000000fd100000,0x00000000fe49c450,0x00000000fe500000)
  to   space 25600K, 0% used [0x00000000fe700000,0x00000000fe700000,0x0000000100000000)
 ParOldGen       total 187904K, used 61848K [0x00000000e0000000, 0x00000000eb780000, 0x00000000f5580000)
  object space 187904K, 32% used [0x00000000e0000000,0x00000000e3c66250,0x00000000eb780000)
 Metaspace       used 70464K, capacity 75214K, committed 75480K, reserved 1114112K
  class space    used 9621K, capacity 10710K, committed 10752K, reserved 1048576K
}
Event: 196.943 GC heap before
{Heap before GC invocations=17 (full 3):
 PSYoungGen      total 146944K, used 146545K [0x00000000f5580000, 0x0000000100000000, 0x0000000100000000)
  eden space 126464K, 100% used [0x00000000f5580000,0x00000000fd100000,0x00000000fd100000)
  from space 20480K, 98% used [0x00000000fd100000,0x00000000fe49c450,0x00000000fe500000)
  to   space 25600K, 0% used [0x00000000fe700000,0x00000000fe700000,0x0000000100000000)
 ParOldGen       total 187904K, used 61848K [0x00000000e0000000, 0x00000000eb780000, 0x00000000f5580000)
  object space 187904K, 32% used [0x00000000e0000000,0x00000000e3c66250,0x00000000eb780000)
 Metaspace       used 73168K, capacity 78230K, committed 78424K, reserved 1116160K
  class space    used 9958K, capacity 11100K, committed 11136K, reserved 1048576K
Event: 197.010 GC heap after
Heap after GC invocations=17 (full 3):
 PSYoungGen      total 150016K, used 11005K [0x00000000f5580000, 0x0000000100000000, 0x0000000100000000)
  eden space 124416K, 0% used [0x00000000f5580000,0x00000000f5580000,0x00000000fcf00000)
  from space 25600K, 42% used [0x00000000fe700000,0x00000000ff1bf558,0x0000000100000000)
  to   space 24576K, 0% used [0x00000000fcf00000,0x00000000fcf00000,0x00000000fe700000)
 ParOldGen       total 187904K, used 79861K [0x00000000e0000000, 0x00000000eb780000, 0x00000000f5580000)
  object space 187904K, 42% used [0x00000000e0000000,0x00000000e4dfd668,0x00000000eb780000)
 Metaspace       used 73168K, capacity 78230K, committed 78424K, reserved 1116160K
  class space    used 9958K, capacity 11100K, committed 11136K, reserved 1048576K
}

Deoptimization events (10 events):
Event: 199.593 Thread 0x000000001bfd2000 Uncommon trap: reason=class_check action=maybe_recompile pc=0x0000000004ce00c4 method=com.sun.tools.javac.code.Types$18.visitClassType(Lcom/sun/tools/javac/code/Type$ClassType;Ljava/lang/Void;)Lcom/sun/tools/javac/code/Type; @ 19
Event: 199.593 Thread 0x000000001bfd2000 Uncommon trap: reason=class_check action=maybe_recompile pc=0x0000000004cf0e74 method=com.sun.tools.javac.code.Types$19.visitClassType(Lcom/sun/tools/javac/code/Type$ClassType;Ljava/lang/Void;)Lcom/sun/tools/javac/util/List; @ 46
Event: 199.604 Thread 0x000000001bfd2000 Uncommon trap: reason=unstable_if action=reinterpret pc=0x0000000004d026e0 method=com.sun.tools.javac.code.Type.map(Lcom/sun/tools/javac/util/List;Lcom/sun/tools/javac/code/Type$Mapping;)Lcom/sun/tools/javac/util/List; @ 33
Event: 199.633 Thread 0x000000001bfd2000 Uncommon trap: reason=unstable_if action=reinterpret pc=0x00000000034e7a34 method=java.util.EnumMap.isValidKey(Ljava/lang/Object;)Z @ 16
Event: 199.658 Thread 0x000000001bfd2000 Uncommon trap: reason=bimorphic action=maybe_recompile pc=0x0000000004cce858 method=com.sun.tools.javac.code.Types$UnaryVisitor.visit(Lcom/sun/tools/javac/code/Type;)Ljava/lang/Object; @ 3
Event: 199.659 Thread 0x000000001bfd2000 Uncommon trap: reason=class_check action=maybe_recompile pc=0x0000000004ce00c4 method=com.sun.tools.javac.code.Types$18.visitClassType(Lcom/sun/tools/javac/code/Type$ClassType;Ljava/lang/Void;)Lcom/sun/tools/javac/code/Type; @ 19
Event: 199.659 Thread 0x000000001bfd2000 Uncommon trap: reason=class_check action=maybe_recompile pc=0x0000000004cf0e74 method=com.sun.tools.javac.code.Types$19.visitClassType(Lcom/sun/tools/javac/code/Type$ClassType;Ljava/lang/Void;)Lcom/sun/tools/javac/util/List; @ 46
Event: 199.736 Thread 0x000000001bfd2000 Uncommon trap: reason=unstable_if action=reinterpret pc=0x0000000003fe9f18 method=org.gradle.internal.time.MonotonicClock.advance(J)J @ 25
Event: 199.816 Thread 0x000000001bfd2000 Uncommon trap: reason=unstable_if action=reinterpret pc=0x0000000002d62a30 method=java.lang.StringCoding$StringDecoder.decode([BII)[C @ 20
Event: 199.817 Thread 0x000000001bfd2000 Uncommon trap: reason=unstable_if action=reinterpret pc=0x0000000002f47a90 method=java.lang.StringCoding$StringDecoder.decode([BII)[C @ 20

Classes redefined (0 events):
No events

Internal exceptions (10 events):
Event: 197.301 Thread 0x000000001bfd9800 Exception <a 'sun/nio/fs/WindowsException'> (0x00000000f6aae498) thrown at [C:\ade\jenkins\workspace\8-2-build-windows-amd64-cygwin\jdk8u241\331\hotspot\src\share\vm\prims\jni.cpp, line 710]
Event: 197.960 Thread 0x000000001bfd2800 Exception <a 'sun/nio/fs/WindowsException'> (0x00000000f9040850) thrown at [C:\ade\jenkins\workspace\8-2-build-windows-amd64-cygwin\jdk8u241\331\hotspot\src\share\vm\prims\jni.cpp, line 710]
Event: 197.988 Thread 0x000000001bfd2800 Exception <a 'sun/nio/fs/WindowsException'> (0x00000000f92f4158) thrown at [C:\ade\jenkins\workspace\8-2-build-windows-amd64-cygwin\jdk8u241\331\hotspot\src\share\vm\prims\jni.cpp, line 710]
Event: 198.030 Thread 0x000000001bfd2000 Exception <a 'sun/nio/fs/WindowsException'> (0x00000000f94f3af0) thrown at [C:\ade\jenkins\workspace\8-2-build-windows-amd64-cygwin\jdk8u241\331\hotspot\src\share\vm\prims\jni.cpp, line 710]
Event: 198.030 Thread 0x000000001bfd2000 Exception <a 'sun/nio/fs/WindowsException'> (0x00000000f94f47d8) thrown at [C:\ade\jenkins\workspace\8-2-build-windows-amd64-cygwin\jdk8u241\331\hotspot\src\share\vm\prims\jni.cpp, line 710]
Event: 198.031 Thread 0x000000001bfd2000 Exception <a 'sun/nio/fs/WindowsException'> (0x00000000f94f5898) thrown at [C:\ade\jenkins\workspace\8-2-build-windows-amd64-cygwin\jdk8u241\331\hotspot\src\share\vm\prims\jni.cpp, line 710]
Event: 198.036 Thread 0x000000001bfd2000 Exception <a 'sun/nio/fs/WindowsException'> (0x00000000f95361c8) thrown at [C:\ade\jenkins\workspace\8-2-build-windows-amd64-cygwin\jdk8u241\331\hotspot\src\share\vm\prims\jni.cpp, line 710]
Event: 198.037 Thread 0x000000001bfd2000 Exception <a 'sun/nio/fs/WindowsException'> (0x00000000f9536eb0) thrown at [C:\ade\jenkins\workspace\8-2-build-windows-amd64-cygwin\jdk8u241\331\hotspot\src\share\vm\prims\jni.cpp, line 710]
Event: 198.037 Thread 0x000000001bfd2000 Exception <a 'sun/nio/fs/WindowsException'> (0x00000000f9537c08) thrown at [C:\ade\jenkins\workspace\8-2-build-windows-amd64-cygwin\jdk8u241\331\hotspot\src\share\vm\prims\jni.cpp, line 710]
Event: 199.083 Thread 0x000000001bfd2000 Implicit null exception at 0x0000000004ba29b2 to 0x0000000004ba3199

Events (10 events):
Event: 199.945 loading class it/unimi/dsi/fastutil/ints/IntBidirectionalIterator
Event: 199.945 loading class it/unimi/dsi/fastutil/ints/IntBidirectionalIterator done
Event: 199.945 loading class it/unimi/dsi/fastutil/objects/ObjectBidirectionalIterator
Event: 199.945 loading class it/unimi/dsi/fastutil/objects/ObjectBidirectionalIterator done
Event: 199.946 loading class it/unimi/dsi/fastutil/objects/ObjectIterator
Event: 199.946 loading class it/unimi/dsi/fastutil/objects/ObjectIterator done
Event: 199.946 loading class it/unimi/dsi/fastutil/BidirectionalIterator
Event: 199.946 loading class it/unimi/dsi/fastutil/BidirectionalIterator done
Event: 199.947 loading class org/gradle/api/internal/tasks/compile/incremental/deps/ClassAnalysis
Event: 199.947 loading class org/gradle/api/internal/tasks/compile/incremental/deps/ClassAnalysis done


Dynamic libraries:
0x00007ff680540000 - 0x00007ff680577000 	C:\Program Files\Java\jdk1.8.0_241\bin\java.exe
0x00007ffce9040000 - 0x00007ffce9230000 	C:\Windows\SYSTEM32\ntdll.dll
0x00007ffce84e0000 - 0x00007ffce8592000 	C:\Windows\System32\KERNEL32.DLL
0x00007ffce6330000 - 0x00007ffce65d5000 	C:\Windows\System32\KERNELBASE.dll
0x00007ffce83d0000 - 0x00007ffce8473000 	C:\Windows\System32\ADVAPI32.dll
0x00007ffce7860000 - 0x00007ffce78fe000 	C:\Windows\System32\msvcrt.dll
0x00007ffce86d0000 - 0x00007ffce8767000 	C:\Windows\System32\sechost.dll
0x00007ffce8910000 - 0x00007ffce8a2f000 	C:\Windows\System32\RPCRT4.dll
0x00007ffce7380000 - 0x00007ffce7514000 	C:\Windows\System32\USER32.dll
0x00007ffce66e0000 - 0x00007ffce6701000 	C:\Windows\System32\win32u.dll
0x00007ffce8770000 - 0x00007ffce8796000 	C:\Windows\System32\GDI32.dll
0x00007ffce60e0000 - 0x00007ffce6278000 	C:\Windows\System32\gdi32full.dll
0x00007ffce68b0000 - 0x00007ffce694e000 	C:\Windows\System32\msvcp_win.dll
0x00007ffce65e0000 - 0x00007ffce66da000 	C:\Windows\System32\ucrtbase.dll
0x00007ffcd0a10000 - 0x00007ffcd0c94000 	C:\Windows\WinSxS\amd64_microsoft.windows.common-controls_6595b64144ccf1df_6.0.18362.1316_none_9e7a364fe461dbd7\COMCTL32.dll
0x00007ffce7520000 - 0x00007ffce7857000 	C:\Windows\System32\combase.dll
0x00007ffce6050000 - 0x00007ffce60d1000 	C:\Windows\System32\bcryptPrimitives.dll
0x00007ffce87a0000 - 0x00007ffce87ce000 	C:\Windows\System32\IMM32.DLL
0x0000000060380000 - 0x0000000060452000 	C:\Program Files\Java\jdk1.8.0_241\jre\bin\msvcr100.dll
0x000000005fad0000 - 0x000000006037c000 	C:\Program Files\Java\jdk1.8.0_241\jre\bin\server\jvm.dll
0x00007ffce70f0000 - 0x00007ffce70f8000 	C:\Windows\System32\PSAPI.DLL
0x00007ffce2660000 - 0x00007ffce2669000 	C:\Windows\SYSTEM32\WSOCK32.dll
0x00007ffce8f10000 - 0x00007ffce8f7f000 	C:\Windows\System32\WS2_32.dll
0x00007ffcd6750000 - 0x00007ffcd675a000 	C:\Windows\SYSTEM32\VERSION.dll
0x00007ffce36d0000 - 0x00007ffce36f4000 	C:\Windows\SYSTEM32\WINMM.dll
0x00007ffce36a0000 - 0x00007ffce36cd000 	C:\Windows\SYSTEM32\winmmbase.dll
0x00007ffce6860000 - 0x00007ffce68aa000 	C:\Windows\System32\cfgmgr32.dll
0x00007ffcd5c20000 - 0x00007ffcd5c2f000 	C:\Program Files\Java\jdk1.8.0_241\jre\bin\verify.dll
0x00007ffcc9dd0000 - 0x00007ffcc9df9000 	C:\Program Files\Java\jdk1.8.0_241\jre\bin\java.dll
0x00007ffcc9d90000 - 0x00007ffcc9da6000 	C:\Program Files\Java\jdk1.8.0_241\jre\bin\zip.dll
0x00007ffce7900000 - 0x00007ffce7fe8000 	C:\Windows\System32\SHELL32.dll
0x00007ffce72d0000 - 0x00007ffce7377000 	C:\Windows\System32\shcore.dll
0x00007ffce6970000 - 0x00007ffce70eb000 	C:\Windows\System32\windows.storage.dll
0x00007ffce5f90000 - 0x00007ffce5fb3000 	C:\Windows\System32\profapi.dll
0x00007ffce5f00000 - 0x00007ffce5f4a000 	C:\Windows\System32\powrprof.dll
0x00007ffce5ef0000 - 0x00007ffce5f00000 	C:\Windows\System32\UMPDC.dll
0x00007ffce8480000 - 0x00007ffce84d2000 	C:\Windows\System32\shlwapi.dll
0x00007ffce5f70000 - 0x00007ffce5f81000 	C:\Windows\System32\kernel.appcore.dll
0x00007ffce6950000 - 0x00007ffce6967000 	C:\Windows\System32\cryptsp.dll
0x00007ffcc9d70000 - 0x00007ffcc9d8a000 	C:\Program Files\Java\jdk1.8.0_241\jre\bin\net.dll
0x00007ffce56e0000 - 0x00007ffce5747000 	C:\Windows\system32\mswsock.dll
0x00007ffcc9d10000 - 0x00007ffcc9d22000 	C:\Program Files\Java\jdk1.8.0_241\jre\bin\nio.dll
0x00007ffcc9e90000 - 0x00007ffcc9eba000 	C:\Users\Amine\.gradle\native\36\windows-amd64\native-platform.dll
0x00007ffcd1960000 - 0x00007ffcd196d000 	C:\Program Files\Java\jdk1.8.0_241\jre\bin\management.dll
0x00007ffce5210000 - 0x00007ffce5243000 	C:\Windows\system32\rsaenh.dll
0x00007ffce5fc0000 - 0x00007ffce5fe6000 	C:\Windows\System32\bcrypt.dll
0x00007ffce5e10000 - 0x00007ffce5e35000 	C:\Windows\SYSTEM32\USERENV.dll
0x00007ffce5860000 - 0x00007ffce586c000 	C:\Windows\SYSTEM32\CRYPTBASE.dll
0x00007ffce53a0000 - 0x00007ffce53da000 	C:\Windows\SYSTEM32\IPHLPAPI.DLL
0x00007ffce71d0000 - 0x00007ffce71d8000 	C:\Windows\System32\NSI.dll
0x00007ffcd89d0000 - 0x00007ffcd89e6000 	C:\Windows\SYSTEM32\dhcpcsvc6.DLL
0x00007ffcd89b0000 - 0x00007ffcd89cc000 	C:\Windows\SYSTEM32\dhcpcsvc.DLL
0x00007ffce5440000 - 0x00007ffce550b000 	C:\Windows\SYSTEM32\DNSAPI.dll

VM Arguments:
jvm_args: -XX:MaxMetaspaceSize=256m -XX:+HeapDumpOnOutOfMemoryError -Xms256m -Xmx512m -Dfile.encoding=windows-1252 -Duser.country=FR -Duser.language=fr -Duser.variant 
java_command: org.gradle.launcher.daemon.bootstrap.GradleDaemon 6.2
java_class_path (initial): C:\Users\Amine\.gradle\wrapper\dists\gradle-6.2-all\dvufqs6kielxeao781pmk5huj\gradle-6.2\lib\gradle-launcher-6.2.jar
Launcher Type: SUN_STANDARD

Environment Variables:
CLASSPATH=E:\Projects\iNetty mobile app\iNettyForTeams\android\\gradle\wrapper\gradle-wrapper.jar
PATH=E:\Projects\iNetty mobile app\iNettyForTeams\android\node_modules\.bin;E:\Projects\iNetty mobile app\iNettyForTeams\node_modules\.bin;E:\Projects\iNetty mobile app\node_modules\.bin;E:\Projects\node_modules\.bin;E:\node_modules\.bin;C:\Program Files\nodejs;C:\Program Files (x86)\Common Files\Oracle\Java\javapath;C:\Python27\;C:\Python27\Scripts;C:\Windows\system32;C:\Windows;C:\Windows\System32\Wbem;C:\Windows\System32\WindowsPowerShell\v1.0\;C:\Windows\System32\OpenSSH\;C:\Program Files\nodejs\;C:\ProgramData\chocolatey\bin;C:\Users\Amine\AppData\Local\Android\Sdk\platform-tools;C:\Program Files\PuTTY\;C:\Program Files\dotnet\;C:\Program Files\Git\cmd;C:\xampp\php;C:\composer;C:\Program Files\Docker\Docker\resources\bin;C:\ProgramData\DockerDesktop\version-bin;C:\Users\Amine\AppData\Local\Microsoft\WindowsApps;C:\Users\Amine\AppData\Local\Programs\Microsoft VS Code\bin;C:\Users\Amine\AppData\Local\GitHubDesktop\bin;C:\Program Files (x86)\Nmap;C:\Users\Amine\AppData\Roaming\npm;C:\Users\Amine\AppData\Local\Android\Sdk\platform-tools;C:\Users\Amine\AppData\Roaming\Composer\vendor\bin;C:\Users\Amine\AppData\Roaming\Composer;
USERNAME=Amine
OS=Windows_NT
PROCESSOR_IDENTIFIER=Intel64 Family 6 Model 61 Stepping 4, GenuineIntel



---------------  S Y S T E M  ---------------

OS: Windows 10.0 , 64 bit Build 18362 (10.0.18362.1316)

CPU:total 4 (initial active 4) (2 cores per cpu, 2 threads per core) family 6 model 61 stepping 4, cmov, cx8, fxsr, mmx, sse, sse2, sse3, ssse3, sse4.1, sse4.2, popcnt, avx, avx2, aes, clmul, erms, rtm, 3dnowpref, lzcnt, ht, tsc, tscinvbit, bmi1, bmi2, adx

Memory: 4k page, physical 8077292k(1134976k free), swap 33243116k(5188k free)

vm_info: Java HotSpot(TM) 64-Bit Server VM (25.241-b07) for windows-amd64 JRE (1.8.0_241-b07), built on Dec 11 2019 10:21:40 by "rejava" with MS VC++ 10.0 (VS2010)

time: Wed Apr 07 10:50:26 2021
timezone: Paris, Madrid (heure d’été)
elapsed time: 200 seconds (0d 0h 3m 20s)

